{"meta": {"format": 3, "version": "7.13.4", "timestamp": "2026-02-19T16:27:35.877093", "branch_coverage": true, "show_contexts": false}, "files": {"src\\__init__.py": {"executed_lines": [4], "summary": {"covered_lines": 1, "num_statements": 1, "percent_covered": 100.0, "percent_covered_display": "100.00", "missing_lines": 0, "excluded_lines": 0, "percent_statements_covered": 100.0, "percent_statements_covered_display": "100.00", "num_branches": 0, "num_partial_branches": 0, "covered_branches": 0, "missing_branches": 0, "percent_branches_covered": 100.0, "percent_branches_covered_display": "100.00"}, "missing_lines": [], "excluded_lines": [], "executed_branches": [], "missing_branches": [], "functions": {"": {"executed_lines": [4], "summary": {"covered_lines": 1, "num_statements": 1, "percent_covered": 100.0, "percent_covered_display": "100.00", "missing_lines": 0, "excluded_lines": 0, "percent_statements_covered": 100.0, "percent_statements_covered_display": "100.00", "num_branches": 0, "num_partial_branches": 0, "covered_branches": 0, "missing_branches": 0, "percent_branches_covered": 100.0, "percent_branches_covered_display": "100.00"}, "missing_lines": [], "excluded_lines": [], "start_line": 1, "executed_branches": [], "missing_branches": []}}, "classes": {"": {"executed_lines": [4], "summary": {"covered_lines": 1, "num_statements": 1, "percent_covered": 100.0, "percent_covered_display": "100.00", "missing_lines": 0, "excluded_lines": 0, "percent_statements_covered": 100.0, "percent_statements_covered_display": "100.00", "num_branches": 0, "num_partial_branches": 0, "covered_branches": 0, "missing_branches": 0, "percent_branches_covered": 100.0, "percent_branches_covered_display": "100.00"}, "missing_lines": [], "excluded_lines": [], "start_line": 1, "executed_branches": [], "missing_branches": []}}}, "src\\tools\\__init__.py": {"executed_lines": [7, 22, 28, 33, 39, 50, 58, 85], "summary": {"covered_lines": 8, "num_statements": 8, "percent_covered": 100.0, "percent_covered_display": "100.00", "missing_lines": 0, "excluded_lines": 0, "percent_statements_covered": 100.0, "percent_statements_covered_display": "100.00", "num_branches": 0, "num_partial_branches": 0, "covered_branches": 0, "missing_branches": 0, "percent_branches_covered": 100.0, "percent_branches_covered_display": "100.00"}, "missing_lines": [], "excluded_lines": [], "executed_branches": [], "missing_branches": [], "functions": {"": {"executed_lines": [7, 22, 28, 33, 39, 50, 58, 85], "summary": {"covered_lines": 8, "num_statements": 8, "percent_covered": 100.0, "percent_covered_display": "100.00", "missing_lines": 0, "excluded_lines": 0, "percent_statements_covered": 100.0, "percent_statements_covered_display": "100.00", "num_branches": 0, "num_partial_branches": 0, "covered_branches": 0, "missing_branches": 0, "percent_branches_covered": 100.0, "percent_branches_covered_display": "100.00"}, "missing_lines": [], "excluded_lines": [], "start_line": 1, "executed_branches": [], "missing_branches": []}}, "classes": {"": {"executed_lines": [7, 22, 28, 33, 39, 50, 58, 85], "summary": {"covered_lines": 8, "num_statements": 8, "percent_covered": 100.0, "percent_covered_display": "100.00", "missing_lines": 0, "excluded_lines": 0, "percent_statements_covered": 100.0, "percent_statements_covered_display": "100.00", "num_branches": 0, "num_partial_branches": 0, "covered_branches": 0, "missing_branches": 0, "percent_branches_covered": 100.0, "percent_branches_covered_display": "100.00"}, "missing_lines": [], "excluded_lines": [], "start_line": 1, "executed_branches": [], "missing_branches": []}}}, "src\\tools\\context_builder.py": {"executed_lines": [13, 14, 15, 17, 18, 19, 28, 31, 50, 51, 53, 60, 63, 78, 79, 80, 86, 87, 88, 96, 99, 112, 113, 115, 117, 120, 122, 123, 124, 126, 129, 130, 131, 133, 134, 135, 138, 140, 141, 143, 144, 145, 146, 151, 152, 155, 156, 157, 158, 159, 160, 161, 162, 165, 166, 167, 168, 172, 176, 180, 183, 186, 187, 188, 189, 194, 195, 196, 200, 208, 213, 216, 217, 218, 220, 221, 223, 224, 227, 230, 246, 248, 251, 252, 253, 255, 256, 259, 260, 262, 264, 266, 267, 268, 275, 279, 282, 283, 286, 287, 289, 290, 292, 293, 301, 302, 306, 309, 310, 313, 314, 315, 316, 317, 323, 324, 325, 326, 328, 330, 333, 334, 335, 347, 359, 371, 383, 384, 391, 394, 397, 412, 414, 417, 419, 426, 429, 443, 446, 449, 450, 453, 465, 476, 486, 489, 491, 498, 501, 517, 523, 526, 527, 530, 545, 556, 567, 568, 570, 577, 580, 590, 607, 608, 609, 610, 611, 612, 613, 614, 615, 616, 617, 618, 619, 620, 621, 623, 626, 639, 640, 642, 643, 651, 652, 653, 654, 655, 660, 661, 662, 663, 666, 669, 679, 681, 682, 686, 689, 701, 719, 721, 722, 725, 726, 727, 728, 731, 732, 735, 736, 739, 740, 742, 745, 746, 748, 755, 771, 773, 789, 790, 791, 792, 796, 797, 798, 802, 803, 806, 810, 811, 812, 813, 817, 823, 824, 825, 826, 830, 836], "summary": {"covered_lines": 241, "num_statements": 288, "percent_covered": 76.431718061674, "percent_covered_display": "76.43", "missing_lines": 47, "excluded_lines": 0, "percent_statements_covered": 83.68055555555556, "percent_statements_covered_display": "83.68", "num_branches": 166, "num_partial_branches": 38, "covered_branches": 106, "missing_branches": 60, "percent_branches_covered": 63.855421686746986, "percent_branches_covered_display": "63.86"}, "missing_lines": [81, 82, 83, 84, 100, 101, 102, 103, 106, 107, 108, 114, 116, 118, 147, 148, 173, 174, 177, 178, 181, 191, 201, 202, 277, 304, 336, 345, 348, 350, 351, 352, 353, 354, 355, 356, 392, 645, 646, 648, 656, 657, 683, 818, 819, 831, 832], "excluded_lines": [], "executed_branches": [[79, 80], [79, 86], [80, 79], [87, 88], [87, 129], [99, 112], [112, 113], [113, 115], [115, 117], [117, 120], [122, 123], [130, 131], [133, 134], [133, 216], [140, 141], [140, 213], [156, 157], [156, 165], [159, 156], [159, 160], [165, 166], [165, 180], [172, 176], [180, 183], [186, 187], [194, 195], [194, 200], [200, 208], [217, 218], [220, 221], [220, 251], [223, 224], [223, 248], [252, 253], [255, 256], [255, 282], [262, 264], [262, 279], [266, 267], [282, 283], [282, 309], [289, 290], [289, 306], [292, 293], [309, 310], [309, 330], [314, 315], [314, 323], [315, 316], [323, 324], [323, 328], [324, 323], [324, 325], [334, 335], [334, 347], [335, 334], [347, 359], [383, 384], [383, 397], [391, 394], [412, 414], [412, 417], [449, 450], [449, 489], [526, 527], [607, 608], [607, 623], [639, 640], [639, 651], [640, 642], [643, 639], [651, 652], [651, 660], [652, 653], [654, 651], [654, 655], [655, 651], [660, 661], [660, 666], [661, 660], [661, 662], [662, 663], [679, 681], [679, 686], [681, 682], [682, 679], [725, 726], [726, 725], [726, 727], [731, 732], [735, 736], [739, 740], [739, 742], [789, 790], [789, 810], [790, 791], [790, 796], [796, 797], [802, 803], [810, 811], [810, 823], [811, 812], [817, 836], [823, 824], [824, 825], [830, 836]], "missing_branches": [[80, 81], [82, 83], [82, 84], [99, 100], [100, 101], [100, 106], [101, 102], [101, 112], [102, 101], [102, 103], [106, 107], [106, 112], [107, 106], [107, 108], [112, 122], [113, 114], [115, 116], [117, 118], [122, 126], [130, 133], [172, 173], [180, 181], [186, 191], [200, 201], [217, 220], [252, 255], [266, 277], [292, 304], [315, 317], [335, 336], [347, 348], [351, 352], [351, 356], [353, 354], [353, 355], [391, 392], [526, 567], [640, 639], [643, 645], [645, 639], [645, 646], [646, 645], [646, 648], [652, 651], [655, 656], [656, 655], [656, 657], [662, 661], [681, 679], [682, 683], [725, 731], [731, 735], [735, 739], [796, 802], [802, 836], [811, 817], [817, 818], [823, 836], [824, 830], [830, 831]], "functions": {"build_service_context": {"executed_lines": [50, 51, 53, 60, 63, 78, 79, 80, 86, 87, 88, 96, 99, 112, 113, 115, 117, 120, 122, 123, 124, 126, 129, 130, 131, 133, 134, 135, 138, 140, 141, 143, 144, 145, 146, 151, 152, 155, 156, 157, 158, 159, 160, 161, 162, 165, 166, 167, 168, 172, 176, 180, 183, 186, 187, 188, 189, 194, 195, 196, 200, 208, 213, 216, 217, 218, 220, 221, 223, 224, 227, 230, 246, 248, 251, 252, 253, 255, 256, 259, 260, 262, 264, 266, 267, 268, 275, 279, 282, 283, 286, 287, 289, 290, 292, 293, 301, 302, 306, 309, 310, 313, 314, 315, 316, 317, 323, 324, 325, 326, 328, 330, 333, 334, 335, 347, 359, 371, 383, 384, 391, 394, 397, 412, 414, 417, 419, 426], "summary": {"covered_lines": 128, "num_statements": 165, "percent_covered": 72.24334600760456, "percent_covered_display": "72.24", "missing_lines": 37, "excluded_lines": 0, "percent_statements_covered": 77.57575757575758, "percent_statements_covered_display": "77.58", "num_branches": 98, "num_partial_branches": 20, "covered_branches": 62, "missing_branches": 36, "percent_branches_covered": 63.265306122448976, "percent_branches_covered_display": "63.27"}, "missing_lines": [81, 82, 83, 84, 100, 101, 102, 103, 106, 107, 108, 114, 116, 118, 147, 148, 173, 174, 177, 178, 181, 191, 201, 202, 277, 304, 336, 345, 348, 350, 351, 352, 353, 354, 355, 356, 392], "excluded_lines": [], "start_line": 31, "executed_branches": [[79, 80], [79, 86], [80, 79], [87, 88], [87, 129], [99, 112], [112, 113], [113, 115], [115, 117], [117, 120], [122, 123], [130, 131], [133, 134], [133, 216], [140, 141], [140, 213], [156, 157], [156, 165], [159, 156], [159, 160], [165, 166], [165, 180], [172, 176], [180, 183], [186, 187], [194, 195], [194, 200], [200, 208], [217, 218], [220, 221], [220, 251], [223, 224], [223, 248], [252, 253], [255, 256], [255, 282], [262, 264], [262, 279], [266, 267], [282, 283], [282, 309], [289, 290], [289, 306], [292, 293], [309, 310], [309, 330], [314, 315], [314, 323], [315, 316], [323, 324], [323, 328], [324, 323], [324, 325], [334, 335], [334, 347], [335, 334], [347, 359], [383, 384], [383, 397], [391, 394], [412, 414], [412, 417]], "missing_branches": [[80, 81], [82, 83], [82, 84], [99, 100], [100, 101], [100, 106], [101, 102], [101, 112], [102, 101], [102, 103], [106, 107], [106, 112], [107, 106], [107, 108], [112, 122], [113, 114], [115, 116], [117, 118], [122, 126], [130, 133], [172, 173], [180, 181], [186, 191], [200, 201], [217, 220], [252, 255], [266, 277], [292, 304], [315, 317], [335, 336], [347, 348], [351, 352], [351, 356], [353, 354], [353, 355], [391, 392]]}, "build_component_context": {"executed_lines": [443, 446, 449, 450, 453, 465, 476, 486, 489, 491, 498], "summary": {"covered_lines": 11, "num_statements": 11, "percent_covered": 100.0, "percent_covered_display": "100.00", "missing_lines": 0, "excluded_lines": 0, "percent_statements_covered": 100.0, "percent_statements_covered_display": "100.00", "num_branches": 2, "num_partial_branches": 0, "covered_branches": 2, "missing_branches": 0, "percent_branches_covered": 100.0, "percent_branches_covered_display": "100.00"}, "missing_lines": [], "excluded_lines": [], "start_line": 429, "executed_branches": [[449, 450], [449, 489]], "missing_branches": []}, "build_table_context": {"executed_lines": [517, 523, 526, 527, 530, 545, 556, 567, 568, 570, 577], "summary": {"covered_lines": 11, "num_statements": 11, "percent_covered": 92.3076923076923, "percent_covered_display": "92.31", "missing_lines": 0, "excluded_lines": 0, "percent_statements_covered": 100.0, "percent_statements_covered_display": "100.00", "num_branches": 2, "num_partial_branches": 1, "covered_branches": 1, "missing_branches": 1, "percent_branches_covered": 50.0, "percent_branches_covered_display": "50.00"}, "missing_lines": [], "excluded_lines": [], "start_line": 501, "executed_branches": [[526, 527]], "missing_branches": [[526, 567]]}, "_aggregate_extracted_data": {"executed_lines": [590, 607, 608, 609, 610, 611, 612, 613, 614, 615, 616, 617, 618, 619, 620, 621, 623], "summary": {"covered_lines": 17, "num_statements": 17, "percent_covered": 100.0, "percent_covered_display": "100.00", "missing_lines": 0, "excluded_lines": 0, "percent_statements_covered": 100.0, "percent_statements_covered_display": "100.00", "num_branches": 2, "num_partial_branches": 0, "covered_branches": 2, "missing_branches": 0, "percent_branches_covered": 100.0, "percent_branches_covered_display": "100.00"}, "missing_lines": [], "excluded_lines": [], "start_line": 580, "executed_branches": [[607, 608], [607, 623]], "missing_branches": []}, "_extract_actual_service_name": {"executed_lines": [639, 640, 642, 643, 651, 652, 653, 654, 655, 660, 661, 662, 663, 666], "summary": {"covered_lines": 14, "num_statements": 19, "percent_covered": 64.44444444444444, "percent_covered_display": "64.44", "missing_lines": 5, "excluded_lines": 0, "percent_statements_covered": 73.6842105263158, "percent_statements_covered_display": "73.68", "num_branches": 26, "num_partial_branches": 5, "covered_branches": 15, "missing_branches": 11, "percent_branches_covered": 57.69230769230769, "percent_branches_covered_display": "57.69"}, "missing_lines": [645, 646, 648, 656, 657], "excluded_lines": [], "start_line": 626, "executed_branches": [[639, 640], [639, 651], [640, 642], [643, 639], [651, 652], [651, 660], [652, 653], [654, 651], [654, 655], [655, 651], [660, 661], [660, 666], [661, 660], [661, 662], [662, 663]], "missing_branches": [[640, 639], [643, 645], [645, 639], [645, 646], [646, 645], [646, 648], [652, 651], [655, 656], [656, 655], [656, 657], [662, 661]]}, "_extract_namespace": {"executed_lines": [679, 681, 682, 686], "summary": {"covered_lines": 4, "num_statements": 5, "percent_covered": 72.72727272727273, "percent_covered_display": "72.73", "missing_lines": 1, "excluded_lines": 0, "percent_statements_covered": 80.0, "percent_statements_covered_display": "80.00", "num_branches": 6, "num_partial_branches": 2, "covered_branches": 4, "missing_branches": 2, "percent_branches_covered": 66.66666666666667, "percent_branches_covered_display": "66.67"}, "missing_lines": [683], "excluded_lines": [], "start_line": 669, "executed_branches": [[679, 681], [679, 686], [681, 682], [682, 679]], "missing_branches": [[681, 679], [682, 683]]}, "_select_primary_operation": {"executed_lines": [701, 719, 745, 746, 748], "summary": {"covered_lines": 5, "num_statements": 5, "percent_covered": 100.0, "percent_covered_display": "100.00", "missing_lines": 0, "excluded_lines": 0, "percent_statements_covered": 100.0, "percent_statements_covered_display": "100.00", "num_branches": 0, "num_partial_branches": 0, "covered_branches": 0, "missing_branches": 0, "percent_branches_covered": 100.0, "percent_branches_covered_display": "100.00"}, "missing_lines": [], "excluded_lines": [], "start_line": 689, "executed_branches": [], "missing_branches": []}, "_select_primary_operation.score_method": {"executed_lines": [721, 722, 725, 726, 727, 728, 731, 732, 735, 736, 739, 740, 742], "summary": {"covered_lines": 13, "num_statements": 13, "percent_covered": 86.95652173913044, "percent_covered_display": "86.96", "missing_lines": 0, "excluded_lines": 0, "percent_statements_covered": 100.0, "percent_statements_covered_display": "100.00", "num_branches": 10, "num_partial_branches": 3, "covered_branches": 7, "missing_branches": 3, "percent_branches_covered": 70.0, "percent_branches_covered_display": "70.00"}, "missing_lines": [], "excluded_lines": [], "start_line": 719, "executed_branches": [[725, 726], [726, 725], [726, 727], [731, 732], [735, 736], [739, 740], [739, 742]], "missing_branches": [[725, 731], [731, 735], [735, 739]]}, "report_extraction_gaps": {"executed_lines": [771, 773, 789, 790, 791, 792, 796, 797, 798, 802, 803, 806, 810, 811, 812, 813, 817, 823, 824, 825, 826, 830, 836], "summary": {"covered_lines": 23, "num_statements": 27, "percent_covered": 76.59574468085107, "percent_covered_display": "76.60", "missing_lines": 4, "excluded_lines": 0, "percent_statements_covered": 85.18518518518519, "percent_statements_covered_display": "85.19", "num_branches": 20, "num_partial_branches": 7, "covered_branches": 13, "missing_branches": 7, "percent_branches_covered": 65.0, "percent_branches_covered_display": "65.00"}, "missing_lines": [818, 819, 831, 832], "excluded_lines": [], "start_line": 755, "executed_branches": [[789, 790], [789, 810], [790, 791], [790, 796], [796, 797], [802, 803], [810, 811], [810, 823], [811, 812], [817, 836], [823, 824], [824, 825], [830, 836]], "missing_branches": [[796, 802], [802, 836], [811, 817], [817, 818], [823, 836], [824, 830], [830, 831]]}, "": {"executed_lines": [13, 14, 15, 17, 18, 19, 28, 31, 429, 501, 580, 626, 669, 689, 755], "summary": {"covered_lines": 15, "num_statements": 15, "percent_covered": 100.0, "percent_covered_display": "100.00", "missing_lines": 0, "excluded_lines": 0, "percent_statements_covered": 100.0, "percent_statements_covered_display": "100.00", "num_branches": 0, "num_partial_branches": 0, "covered_branches": 0, "missing_branches": 0, "percent_branches_covered": 100.0, "percent_branches_covered_display": "100.00"}, "missing_lines": [], "excluded_lines": [], "start_line": 1, "executed_branches": [], "missing_branches": []}}, "classes": {"": {"executed_lines": [13, 14, 15, 17, 18, 19, 28, 31, 50, 51, 53, 60, 63, 78, 79, 80, 86, 87, 88, 96, 99, 112, 113, 115, 117, 120, 122, 123, 124, 126, 129, 130, 131, 133, 134, 135, 138, 140, 141, 143, 144, 145, 146, 151, 152, 155, 156, 157, 158, 159, 160, 161, 162, 165, 166, 167, 168, 172, 176, 180, 183, 186, 187, 188, 189, 194, 195, 196, 200, 208, 213, 216, 217, 218, 220, 221, 223, 224, 227, 230, 246, 248, 251, 252, 253, 255, 256, 259, 260, 262, 264, 266, 267, 268, 275, 279, 282, 283, 286, 287, 289, 290, 292, 293, 301, 302, 306, 309, 310, 313, 314, 315, 316, 317, 323, 324, 325, 326, 328, 330, 333, 334, 335, 347, 359, 371, 383, 384, 391, 394, 397, 412, 414, 417, 419, 426, 429, 443, 446, 449, 450, 453, 465, 476, 486, 489, 491, 498, 501, 517, 523, 526, 527, 530, 545, 556, 567, 568, 570, 577, 580, 590, 607, 608, 609, 610, 611, 612, 613, 614, 615, 616, 617, 618, 619, 620, 621, 623, 626, 639, 640, 642, 643, 651, 652, 653, 654, 655, 660, 661, 662, 663, 666, 669, 679, 681, 682, 686, 689, 701, 719, 721, 722, 725, 726, 727, 728, 731, 732, 735, 736, 739, 740, 742, 745, 746, 748, 755, 771, 773, 789, 790, 791, 792, 796, 797, 798, 802, 803, 806, 810, 811, 812, 813, 817, 823, 824, 825, 826, 830, 836], "summary": {"covered_lines": 241, "num_statements": 288, "percent_covered": 76.431718061674, "percent_covered_display": "76.43", "missing_lines": 47, "excluded_lines": 0, "percent_statements_covered": 83.68055555555556, "percent_statements_covered_display": "83.68", "num_branches": 166, "num_partial_branches": 38, "covered_branches": 106, "missing_branches": 60, "percent_branches_covered": 63.855421686746986, "percent_branches_covered_display": "63.86"}, "missing_lines": [81, 82, 83, 84, 100, 101, 102, 103, 106, 107, 108, 114, 116, 118, 147, 148, 173, 174, 177, 178, 181, 191, 201, 202, 277, 304, 336, 345, 348, 350, 351, 352, 353, 354, 355, 356, 392, 645, 646, 648, 656, 657, 683, 818, 819, 831, 832], "excluded_lines": [], "start_line": 1, "executed_branches": [[79, 80], [79, 86], [80, 79], [87, 88], [87, 129], [99, 112], [112, 113], [113, 115], [115, 117], [117, 120], [122, 123], [130, 131], [133, 134], [133, 216], [140, 141], [140, 213], [156, 157], [156, 165], [159, 156], [159, 160], [165, 166], [165, 180], [172, 176], [180, 183], [186, 187], [194, 195], [194, 200], [200, 208], [217, 218], [220, 221], [220, 251], [223, 224], [223, 248], [252, 253], [255, 256], [255, 282], [262, 264], [262, 279], [266, 267], [282, 283], [282, 309], [289, 290], [289, 306], [292, 293], [309, 310], [309, 330], [314, 315], [314, 323], [315, 316], [323, 324], [323, 328], [324, 323], [324, 325], [334, 335], [334, 347], [335, 334], [347, 359], [383, 384], [383, 397], [391, 394], [412, 414], [412, 417], [449, 450], [449, 489], [526, 527], [607, 608], [607, 623], [639, 640], [639, 651], [640, 642], [643, 639], [651, 652], [651, 660], [652, 653], [654, 651], [654, 655], [655, 651], [660, 661], [660, 666], [661, 660], [661, 662], [662, 663], [679, 681], [679, 686], [681, 682], [682, 679], [725, 726], [726, 725], [726, 727], [731, 732], [735, 736], [739, 740], [739, 742], [789, 790], [789, 810], [790, 791], [790, 796], [796, 797], [802, 803], [810, 811], [810, 823], [811, 812], [817, 836], [823, 824], [824, 825], [830, 836]], "missing_branches": [[80, 81], [82, 83], [82, 84], [99, 100], [100, 101], [100, 106], [101, 102], [101, 112], [102, 101], [102, 103], [106, 107], [106, 112], [107, 106], [107, 108], [112, 122], [113, 114], [115, 116], [117, 118], [122, 126], [130, 133], [172, 173], [180, 181], [186, 191], [200, 201], [217, 220], [252, 255], [266, 277], [292, 304], [315, 317], [335, 336], [347, 348], [351, 352], [351, 356], [353, 354], [353, 355], [391, 392], [526, 567], [640, 639], [643, 645], [645, 639], [645, 646], [646, 645], [646, 648], [652, 651], [655, 656], [656, 655], [656, 657], [662, 661], [681, 679], [682, 683], [725, 731], [731, 735], [735, 739], [796, 802], [802, 836], [811, 817], [817, 818], [823, 836], [824, 830], [830, 831]]}}}, "src\\tools\\document_parser.py": {"executed_lines": [8, 10, 11, 12, 14, 17, 18, 21, 22, 23, 24, 27, 30, 31, 33, 35, 36, 37, 38, 45, 50, 51, 54, 55, 56, 58, 59, 61, 62, 63, 64, 65, 67, 68, 69, 71, 73, 74, 75, 77, 79, 80, 81, 82, 83, 84, 85, 87, 89], "summary": {"covered_lines": 49, "num_statements": 52, "percent_covered": 90.0, "percent_covered_display": "90.00", "missing_lines": 3, "excluded_lines": 0, "percent_statements_covered": 94.23076923076923, "percent_statements_covered_display": "94.23", "num_branches": 18, "num_partial_branches": 4, "covered_branches": 14, "missing_branches": 4, "percent_branches_covered": 77.77777777777777, "percent_branches_covered_display": "77.78"}, "missing_lines": [52, 70, 72], "excluded_lines": [], "executed_branches": [[51, 54], [55, 56], [55, 58], [58, 59], [58, 61], [62, 63], [63, 64], [63, 65], [68, 69], [68, 75], [69, 71], [71, 73], [80, 81], [80, 85]], "missing_branches": [[51, 52], [62, 67], [69, 70], [71, 72]], "functions": {"BasicDocumentParser.parse_document": {"executed_lines": [35, 36, 37, 38], "summary": {"covered_lines": 4, "num_statements": 4, "percent_covered": 100.0, "percent_covered_display": "100.00", "missing_lines": 0, "excluded_lines": 0, "percent_statements_covered": 100.0, "percent_statements_covered_display": "100.00", "num_branches": 0, "num_partial_branches": 0, "covered_branches": 0, "missing_branches": 0, "percent_branches_covered": 100.0, "percent_branches_covered_display": "100.00"}, "missing_lines": [], "excluded_lines": [], "start_line": 33, "executed_branches": [], "missing_branches": []}, "BasicDocumentParser.extract_yaml_frontmatter": {"executed_lines": [50, 51, 54, 55, 56, 58, 59, 61, 62, 63, 64, 65, 67, 68, 69, 71, 73, 74, 75], "summary": {"covered_lines": 19, "num_statements": 22, "percent_covered": 81.57894736842105, "percent_covered_display": "81.58", "missing_lines": 3, "excluded_lines": 0, "percent_statements_covered": 86.36363636363636, "percent_statements_covered_display": "86.36", "num_branches": 16, "num_partial_branches": 4, "covered_branches": 12, "missing_branches": 4, "percent_branches_covered": 75.0, "percent_branches_covered_display": "75.00"}, "missing_lines": [52, 70, 72], "excluded_lines": [], "start_line": 45, "executed_branches": [[51, 54], [55, 56], [55, 58], [58, 59], [58, 61], [62, 63], [63, 64], [63, 65], [68, 69], [68, 75], [69, 71], [71, 73]], "missing_branches": [[51, 52], [62, 67], [69, 70], [71, 72]]}, "BasicDocumentParser.extract_headings": {"executed_lines": [79, 80, 81, 82, 83, 84, 85], "summary": {"covered_lines": 7, "num_statements": 7, "percent_covered": 100.0, "percent_covered_display": "100.00", "missing_lines": 0, "excluded_lines": 0, "percent_statements_covered": 100.0, "percent_statements_covered_display": "100.00", "num_branches": 2, "num_partial_branches": 0, "covered_branches": 2, "missing_branches": 0, "percent_branches_covered": 100.0, "percent_branches_covered_display": "100.00"}, "missing_lines": [], "excluded_lines": [], "start_line": 77, "executed_branches": [[80, 81], [80, 85]], "missing_branches": []}, "BasicDocumentParser.get_section_order": {"executed_lines": [89], "summary": {"covered_lines": 1, "num_statements": 1, "percent_covered": 100.0, "percent_covered_display": "100.00", "missing_lines": 0, "excluded_lines": 0, "percent_statements_covered": 100.0, "percent_statements_covered_display": "100.00", "num_branches": 0, "num_partial_branches": 0, "covered_branches": 0, "missing_branches": 0, "percent_branches_covered": 100.0, "percent_branches_covered_display": "100.00"}, "missing_lines": [], "excluded_lines": [], "start_line": 87, "executed_branches": [], "missing_branches": []}, "": {"executed_lines": [8, 10, 11, 12, 14, 17, 18, 21, 22, 23, 24, 27, 30, 31, 33, 45, 77, 87], "summary": {"covered_lines": 18, "num_statements": 18, "percent_covered": 100.0, "percent_covered_display": "100.00", "missing_lines": 0, "excluded_lines": 0, "percent_statements_covered": 100.0, "percent_statements_covered_display": "100.00", "num_branches": 0, "num_partial_branches": 0, "covered_branches": 0, "missing_branches": 0, "percent_branches_covered": 100.0, "percent_branches_covered_display": "100.00"}, "missing_lines": [], "excluded_lines": [], "start_line": 1, "executed_branches": [], "missing_branches": []}}, "classes": {"BasicDocumentStructure": {"executed_lines": [], "summary": {"covered_lines": 0, "num_statements": 0, "percent_covered": 100.0, "percent_covered_display": "100.00", "missing_lines": 0, "excluded_lines": 0, "percent_statements_covered": 100.0, "percent_statements_covered_display": "100.00", "num_branches": 0, "num_partial_branches": 0, "covered_branches": 0, "missing_branches": 0, "percent_branches_covered": 100.0, "percent_branches_covered_display": "100.00"}, "missing_lines": [], "excluded_lines": [], "start_line": 18, "executed_branches": [], "missing_branches": []}, "BasicDocumentParser": {"executed_lines": [35, 36, 37, 38, 50, 51, 54, 55, 56, 58, 59, 61, 62, 63, 64, 65, 67, 68, 69, 71, 73, 74, 75, 79, 80, 81, 82, 83, 84, 85, 89], "summary": {"covered_lines": 31, "num_statements": 34, "percent_covered": 86.53846153846153, "percent_covered_display": "86.54", "missing_lines": 3, "excluded_lines": 0, "percent_statements_covered": 91.17647058823529, "percent_statements_covered_display": "91.18", "num_branches": 18, "num_partial_branches": 4, "covered_branches": 14, "missing_branches": 4, "percent_branches_covered": 77.77777777777777, "percent_branches_covered_display": "77.78"}, "missing_lines": [52, 70, 72], "excluded_lines": [], "start_line": 27, "executed_branches": [[51, 54], [55, 56], [55, 58], [58, 59], [58, 61], [62, 63], [63, 64], [63, 65], [68, 69], [68, 75], [69, 71], [71, 73], [80, 81], [80, 85]], "missing_branches": [[51, 52], [62, 67], [69, 70], [71, 72]]}, "": {"executed_lines": [8, 10, 11, 12, 14, 17, 18, 21, 22, 23, 24, 27, 30, 31, 33, 45, 77, 87], "summary": {"covered_lines": 18, "num_statements": 18, "percent_covered": 100.0, "percent_covered_display": "100.00", "missing_lines": 0, "excluded_lines": 0, "percent_statements_covered": 100.0, "percent_statements_covered_display": "100.00", "num_branches": 0, "num_partial_branches": 0, "covered_branches": 0, "missing_branches": 0, "percent_branches_covered": 100.0, "percent_branches_covered_display": "100.00"}, "missing_lines": [], "excluded_lines": [], "start_line": 1, "executed_branches": [], "missing_branches": []}}}, "src\\tools\\duplicate_detector.py": {"executed_lines": [15, 16, 17, 18, 19, 20, 22, 25, 26, 28, 29, 30, 31, 32, 35, 36, 38, 39, 40, 41, 44, 72, 73, 75, 77, 78, 79, 81, 82, 92, 94, 110, 111, 112, 115, 117, 119, 124, 125, 128, 130, 132, 136, 144, 146, 150, 158, 164, 181, 182, 183, 189, 190, 192, 199, 200, 201, 202, 204, 216, 217, 218, 223, 224, 226, 227, 229, 231, 238], "summary": {"covered_lines": 69, "num_statements": 69, "percent_covered": 97.53086419753086, "percent_covered_display": "97.53", "missing_lines": 0, "excluded_lines": 0, "percent_statements_covered": 100.0, "percent_statements_covered_display": "100.00", "num_branches": 12, "num_partial_branches": 2, "covered_branches": 10, "missing_branches": 2, "percent_branches_covered": 83.33333333333333, "percent_branches_covered_display": "83.33"}, "missing_lines": [], "excluded_lines": [], "executed_branches": [[117, 119], [117, 124], [130, 132], [130, 144], [144, 146], [144, 158], [200, 201], [223, 224], [223, 226], [226, 227]], "missing_branches": [[200, -192], [226, 229]], "functions": {"DuplicateDetector.__init__": {"executed_lines": [77, 78, 79], "summary": {"covered_lines": 3, "num_statements": 3, "percent_covered": 100.0, "percent_covered_display": "100.00", "missing_lines": 0, "excluded_lines": 0, "percent_statements_covered": 100.0, "percent_statements_covered_display": "100.00", "num_branches": 0, "num_partial_branches": 0, "covered_branches": 0, "missing_branches": 0, "percent_branches_covered": 100.0, "percent_branches_covered_display": "100.00"}, "missing_lines": [], "excluded_lines": [], "start_line": 75, "executed_branches": [], "missing_branches": []}, "DuplicateDetector._compute_hash": {"executed_lines": [92], "summary": {"covered_lines": 1, "num_statements": 1, "percent_covered": 100.0, "percent_covered_display": "100.00", "missing_lines": 0, "excluded_lines": 0, "percent_statements_covered": 100.0, "percent_statements_covered_display": "100.00", "num_branches": 0, "num_partial_branches": 0, "covered_branches": 0, "missing_branches": 0, "percent_branches_covered": 100.0, "percent_branches_covered_display": "100.00"}, "missing_lines": [], "excluded_lines": [], "start_line": 82, "executed_branches": [], "missing_branches": []}, "DuplicateDetector.check_duplicate": {"executed_lines": [110, 111, 112, 115, 117, 119, 124, 125, 128, 130, 132, 136, 144, 146, 150, 158], "summary": {"covered_lines": 16, "num_statements": 16, "percent_covered": 100.0, "percent_covered_display": "100.00", "missing_lines": 0, "excluded_lines": 0, "percent_statements_covered": 100.0, "percent_statements_covered_display": "100.00", "num_branches": 6, "num_partial_branches": 0, "covered_branches": 6, "missing_branches": 0, "percent_branches_covered": 100.0, "percent_branches_covered_display": "100.00"}, "missing_lines": [], "excluded_lines": [], "start_line": 94, "executed_branches": [[117, 119], [117, 124], [130, 132], [130, 144], [144, 146], [144, 158]], "missing_branches": []}, "DuplicateDetector.cache_result": {"executed_lines": [181, 182, 183, 189, 190], "summary": {"covered_lines": 5, "num_statements": 5, "percent_covered": 100.0, "percent_covered_display": "100.00", "missing_lines": 0, "excluded_lines": 0, "percent_statements_covered": 100.0, "percent_statements_covered_display": "100.00", "num_branches": 0, "num_partial_branches": 0, "covered_branches": 0, "missing_branches": 0, "percent_branches_covered": 100.0, "percent_branches_covered_display": "100.00"}, "missing_lines": [], "excluded_lines": [], "start_line": 164, "executed_branches": [], "missing_branches": []}, "DuplicateDetector.clear": {"executed_lines": [199, 200, 201, 202], "summary": {"covered_lines": 4, "num_statements": 4, "percent_covered": 83.33333333333333, "percent_covered_display": "83.33", "missing_lines": 0, "excluded_lines": 0, "percent_statements_covered": 100.0, "percent_statements_covered_display": "100.00", "num_branches": 2, "num_partial_branches": 1, "covered_branches": 1, "missing_branches": 1, "percent_branches_covered": 50.0, "percent_branches_covered_display": "50.00"}, "missing_lines": [], "excluded_lines": [], "start_line": 192, "executed_branches": [[200, 201]], "missing_branches": [[200, -192]]}, "DuplicateDetector.cleanup_old_records": {"executed_lines": [216, 217, 218, 223, 224, 226, 227, 229], "summary": {"covered_lines": 8, "num_statements": 8, "percent_covered": 91.66666666666667, "percent_covered_display": "91.67", "missing_lines": 0, "excluded_lines": 0, "percent_statements_covered": 100.0, "percent_statements_covered_display": "100.00", "num_branches": 4, "num_partial_branches": 1, "covered_branches": 3, "missing_branches": 1, "percent_branches_covered": 75.0, "percent_branches_covered_display": "75.00"}, "missing_lines": [], "excluded_lines": [], "start_line": 204, "executed_branches": [[223, 224], [223, 226], [226, 227]], "missing_branches": [[226, 229]]}, "DuplicateDetector.get_stats": {"executed_lines": [238], "summary": {"covered_lines": 1, "num_statements": 1, "percent_covered": 100.0, "percent_covered_display": "100.00", "missing_lines": 0, "excluded_lines": 0, "percent_statements_covered": 100.0, "percent_statements_covered_display": "100.00", "num_branches": 0, "num_partial_branches": 0, "covered_branches": 0, "missing_branches": 0, "percent_branches_covered": 100.0, "percent_branches_covered_display": "100.00"}, "missing_lines": [], "excluded_lines": [], "start_line": 231, "executed_branches": [], "missing_branches": []}, "": {"executed_lines": [15, 16, 17, 18, 19, 20, 22, 25, 26, 28, 29, 30, 31, 32, 35, 36, 38, 39, 40, 41, 44, 72, 73, 75, 81, 82, 94, 164, 192, 204, 231], "summary": {"covered_lines": 31, "num_statements": 31, "percent_covered": 100.0, "percent_covered_display": "100.00", "missing_lines": 0, "excluded_lines": 0, "percent_statements_covered": 100.0, "percent_statements_covered_display": "100.00", "num_branches": 0, "num_partial_branches": 0, "covered_branches": 0, "missing_branches": 0, "percent_branches_covered": 100.0, "percent_branches_covered_display": "100.00"}, "missing_lines": [], "excluded_lines": [], "start_line": 1, "executed_branches": [], "missing_branches": []}}, "classes": {"DuplicateCheckResult": {"executed_lines": [], "summary": {"covered_lines": 0, "num_statements": 0, "percent_covered": 100.0, "percent_covered_display": "100.00", "missing_lines": 0, "excluded_lines": 0, "percent_statements_covered": 100.0, "percent_statements_covered_display": "100.00", "num_branches": 0, "num_partial_branches": 0, "covered_branches": 0, "missing_branches": 0, "percent_branches_covered": 100.0, "percent_branches_covered_display": "100.00"}, "missing_lines": [], "excluded_lines": [], "start_line": 26, "executed_branches": [], "missing_branches": []}, "WriteRecord": {"executed_lines": [], "summary": {"covered_lines": 0, "num_statements": 0, "percent_covered": 100.0, "percent_covered_display": "100.00", "missing_lines": 0, "excluded_lines": 0, "percent_statements_covered": 100.0, "percent_statements_covered_display": "100.00", "num_branches": 0, "num_partial_branches": 0, "covered_branches": 0, "missing_branches": 0, "percent_branches_covered": 100.0, "percent_branches_covered_display": "100.00"}, "missing_lines": [], "excluded_lines": [], "start_line": 36, "executed_branches": [], "missing_branches": []}, "DuplicateDetector": {"executed_lines": [77, 78, 79, 92, 110, 111, 112, 115, 117, 119, 124, 125, 128, 130, 132, 136, 144, 146, 150, 158, 181, 182, 183, 189, 190, 199, 200, 201, 202, 216, 217, 218, 223, 224, 226, 227, 229, 238], "summary": {"covered_lines": 38, "num_statements": 38, "percent_covered": 96.0, "percent_covered_display": "96.00", "missing_lines": 0, "excluded_lines": 0, "percent_statements_covered": 100.0, "percent_statements_covered_display": "100.00", "num_branches": 12, "num_partial_branches": 2, "covered_branches": 10, "missing_branches": 2, "percent_branches_covered": 83.33333333333333, "percent_branches_covered_display": "83.33"}, "missing_lines": [], "excluded_lines": [], "start_line": 44, "executed_branches": [[117, 119], [117, 124], [130, 132], [130, 144], [144, 146], [144, 158], [200, 201], [223, 224], [223, 226], [226, 227]], "missing_branches": [[200, -192], [226, 229]]}, "": {"executed_lines": [15, 16, 17, 18, 19, 20, 22, 25, 26, 28, 29, 30, 31, 32, 35, 36, 38, 39, 40, 41, 44, 72, 73, 75, 81, 82, 94, 164, 192, 204, 231], "summary": {"covered_lines": 31, "num_statements": 31, "percent_covered": 100.0, "percent_covered_display": "100.00", "missing_lines": 0, "excluded_lines": 0, "percent_statements_covered": 100.0, "percent_statements_covered_display": "100.00", "num_branches": 0, "num_partial_branches": 0, "covered_branches": 0, "missing_branches": 0, "percent_branches_covered": 100.0, "percent_branches_covered_display": "100.00"}, "missing_lines": [], "excluded_lines": [], "start_line": 1, "executed_branches": [], "missing_branches": []}}}, "src\\tools\\enforcement_logger.py": {"executed_lines": [12, 13, 14, 15, 16, 19, 20, 22, 23, 24, 27, 30, 37, 38, 40, 54, 63, 65, 89, 105, 107, 127, 139, 141, 155, 164, 166, 180, 189, 193, 209, 218, 220, 236, 245, 247, 265, 275, 277, 297, 308, 310, 326, 335, 337, 344, 351, 353, 354, 355, 356, 357, 362, 369, 371, 384, 391], "summary": {"covered_lines": 57, "num_statements": 68, "percent_covered": 81.94444444444444, "percent_covered_display": "81.94", "missing_lines": 11, "excluded_lines": 0, "percent_statements_covered": 83.82352941176471, "percent_statements_covered_display": "83.82", "num_branches": 4, "num_partial_branches": 0, "covered_branches": 2, "missing_branches": 2, "percent_branches_covered": 50.0, "percent_branches_covered_display": "50.00"}, "missing_lines": [339, 340, 341, 342, 358, 360, 378, 379, 380, 381, 382], "excluded_lines": [], "executed_branches": [[353, -344], [353, 354]], "missing_branches": [[379, 380], [379, 382]], "functions": {"EnforcementLogger.__init__": {"executed_lines": [37, 38], "summary": {"covered_lines": 2, "num_statements": 2, "percent_covered": 100.0, "percent_covered_display": "100.00", "missing_lines": 0, "excluded_lines": 0, "percent_statements_covered": 100.0, "percent_statements_covered_display": "100.00", "num_branches": 0, "num_partial_branches": 0, "covered_branches": 0, "missing_branches": 0, "percent_branches_covered": 100.0, "percent_branches_covered_display": "100.00"}, "missing_lines": [], "excluded_lines": [], "start_line": 30, "executed_branches": [], "missing_branches": []}, "EnforcementLogger.log_schema_built": {"executed_lines": [54, 63], "summary": {"covered_lines": 2, "num_statements": 2, "percent_covered": 100.0, "percent_covered_display": "100.00", "missing_lines": 0, "excluded_lines": 0, "percent_statements_covered": 100.0, "percent_statements_covered_display": "100.00", "num_branches": 0, "num_partial_branches": 0, "covered_branches": 0, "missing_branches": 0, "percent_branches_covered": 100.0, "percent_branches_covered_display": "100.00"}, "missing_lines": [], "excluded_lines": [], "start_line": 40, "executed_branches": [], "missing_branches": []}, "EnforcementLogger.log_validation_run": {"executed_lines": [89, 105], "summary": {"covered_lines": 2, "num_statements": 2, "percent_covered": 100.0, "percent_covered_display": "100.00", "missing_lines": 0, "excluded_lines": 0, "percent_statements_covered": 100.0, "percent_statements_covered_display": "100.00", "num_branches": 0, "num_partial_branches": 0, "covered_branches": 0, "missing_branches": 0, "percent_branches_covered": 100.0, "percent_branches_covered_display": "100.00"}, "missing_lines": [], "excluded_lines": [], "start_line": 65, "executed_branches": [], "missing_branches": []}, "EnforcementLogger.log_write_attempt": {"executed_lines": [127, 139], "summary": {"covered_lines": 2, "num_statements": 2, "percent_covered": 100.0, "percent_covered_display": "100.00", "missing_lines": 0, "excluded_lines": 0, "percent_statements_covered": 100.0, "percent_statements_covered_display": "100.00", "num_branches": 0, "num_partial_branches": 0, "covered_branches": 0, "missing_branches": 0, "percent_branches_covered": 100.0, "percent_branches_covered_display": "100.00"}, "missing_lines": [], "excluded_lines": [], "start_line": 107, "executed_branches": [], "missing_branches": []}, "EnforcementLogger.log_write_success": {"executed_lines": [155, 164], "summary": {"covered_lines": 2, "num_statements": 2, "percent_covered": 100.0, "percent_covered_display": "100.00", "missing_lines": 0, "excluded_lines": 0, "percent_statements_covered": 100.0, "percent_statements_covered_display": "100.00", "num_branches": 0, "num_partial_branches": 0, "covered_branches": 0, "missing_branches": 0, "percent_branches_covered": 100.0, "percent_branches_covered_display": "100.00"}, "missing_lines": [], "excluded_lines": [], "start_line": 141, "executed_branches": [], "missing_branches": []}, "EnforcementLogger.log_write_failure": {"executed_lines": [180, 189], "summary": {"covered_lines": 2, "num_statements": 2, "percent_covered": 100.0, "percent_covered_display": "100.00", "missing_lines": 0, "excluded_lines": 0, "percent_statements_covered": 100.0, "percent_statements_covered_display": "100.00", "num_branches": 0, "num_partial_branches": 0, "covered_branches": 0, "missing_branches": 0, "percent_branches_covered": 100.0, "percent_branches_covered_display": "100.00"}, "missing_lines": [], "excluded_lines": [], "start_line": 166, "executed_branches": [], "missing_branches": []}, "EnforcementLogger.log_workflow_violation": {"executed_lines": [209, 218], "summary": {"covered_lines": 2, "num_statements": 2, "percent_covered": 100.0, "percent_covered_display": "100.00", "missing_lines": 0, "excluded_lines": 0, "percent_statements_covered": 100.0, "percent_statements_covered_display": "100.00", "num_branches": 0, "num_partial_branches": 0, "covered_branches": 0, "missing_branches": 0, "percent_branches_covered": 100.0, "percent_branches_covered_display": "100.00"}, "missing_lines": [], "excluded_lines": [], "start_line": 193, "executed_branches": [], "missing_branches": []}, "EnforcementLogger.log_workflow_bypass": {"executed_lines": [236, 245], "summary": {"covered_lines": 2, "num_statements": 2, "percent_covered": 100.0, "percent_covered_display": "100.00", "missing_lines": 0, "excluded_lines": 0, "percent_statements_covered": 100.0, "percent_statements_covered_display": "100.00", "num_branches": 0, "num_partial_branches": 0, "covered_branches": 0, "missing_branches": 0, "percent_branches_covered": 100.0, "percent_branches_covered_display": "100.00"}, "missing_lines": [], "excluded_lines": [], "start_line": 220, "executed_branches": [], "missing_branches": []}, "EnforcementLogger.log_stub_generated": {"executed_lines": [265, 275], "summary": {"covered_lines": 2, "num_statements": 2, "percent_covered": 100.0, "percent_covered_display": "100.00", "missing_lines": 0, "excluded_lines": 0, "percent_statements_covered": 100.0, "percent_statements_covered_display": "100.00", "num_branches": 0, "num_partial_branches": 0, "covered_branches": 0, "missing_branches": 0, "percent_branches_covered": 100.0, "percent_branches_covered_display": "100.00"}, "missing_lines": [], "excluded_lines": [], "start_line": 247, "executed_branches": [], "missing_branches": []}, "EnforcementLogger.log_duplicate_write_attempt": {"executed_lines": [297, 308], "summary": {"covered_lines": 2, "num_statements": 2, "percent_covered": 100.0, "percent_covered_display": "100.00", "missing_lines": 0, "excluded_lines": 0, "percent_statements_covered": 100.0, "percent_statements_covered_display": "100.00", "num_branches": 0, "num_partial_branches": 0, "covered_branches": 0, "missing_branches": 0, "percent_branches_covered": 100.0, "percent_branches_covered_display": "100.00"}, "missing_lines": [], "excluded_lines": [], "start_line": 277, "executed_branches": [], "missing_branches": []}, "EnforcementLogger.log_manual_file_creation": {"executed_lines": [326, 335], "summary": {"covered_lines": 2, "num_statements": 2, "percent_covered": 100.0, "percent_covered_display": "100.00", "missing_lines": 0, "excluded_lines": 0, "percent_statements_covered": 100.0, "percent_statements_covered_display": "100.00", "num_branches": 0, "num_partial_branches": 0, "covered_branches": 0, "missing_branches": 0, "percent_branches_covered": 100.0, "percent_branches_covered_display": "100.00"}, "missing_lines": [], "excluded_lines": [], "start_line": 310, "executed_branches": [], "missing_branches": []}, "EnforcementLogger.log_event": {"executed_lines": [], "summary": {"covered_lines": 0, "num_statements": 4, "percent_covered": 0.0, "percent_covered_display": "0.00", "missing_lines": 4, "excluded_lines": 0, "percent_statements_covered": 0.0, "percent_statements_covered_display": "0.00", "num_branches": 0, "num_partial_branches": 0, "covered_branches": 0, "missing_branches": 0, "percent_branches_covered": 100.0, "percent_branches_covered_display": "100.00"}, "missing_lines": [339, 340, 341, 342], "excluded_lines": [], "start_line": 337, "executed_branches": [], "missing_branches": []}, "EnforcementLogger._append_event": {"executed_lines": [351, 353, 354, 355, 356, 357], "summary": {"covered_lines": 6, "num_statements": 8, "percent_covered": 80.0, "percent_covered_display": "80.00", "missing_lines": 2, "excluded_lines": 0, "percent_statements_covered": 75.0, "percent_statements_covered_display": "75.00", "num_branches": 2, "num_partial_branches": 0, "covered_branches": 2, "missing_branches": 0, "percent_branches_covered": 100.0, "percent_branches_covered_display": "100.00"}, "missing_lines": [358, 360], "excluded_lines": [], "start_line": 344, "executed_branches": [[353, -344], [353, 354]], "missing_branches": []}, "EnforcementLogger.get_events": {"executed_lines": [369], "summary": {"covered_lines": 1, "num_statements": 1, "percent_covered": 100.0, "percent_covered_display": "100.00", "missing_lines": 0, "excluded_lines": 0, "percent_statements_covered": 100.0, "percent_statements_covered_display": "100.00", "num_branches": 0, "num_partial_branches": 0, "covered_branches": 0, "missing_branches": 0, "percent_branches_covered": 100.0, "percent_branches_covered_display": "100.00"}, "missing_lines": [], "excluded_lines": [], "start_line": 362, "executed_branches": [], "missing_branches": []}, "EnforcementLogger.get_summary": {"executed_lines": [], "summary": {"covered_lines": 0, "num_statements": 5, "percent_covered": 0.0, "percent_covered_display": "0.00", "missing_lines": 5, "excluded_lines": 0, "percent_statements_covered": 0.0, "percent_statements_covered_display": "0.00", "num_branches": 2, "num_partial_branches": 0, "covered_branches": 0, "missing_branches": 2, "percent_branches_covered": 0.0, "percent_branches_covered_display": "0.00"}, "missing_lines": [378, 379, 380, 381, 382], "excluded_lines": [], "start_line": 371, "executed_branches": [], "missing_branches": [[379, 380], [379, 382]]}, "EnforcementLogger._get_timestamp": {"executed_lines": [391], "summary": {"covered_lines": 1, "num_statements": 1, "percent_covered": 100.0, "percent_covered_display": "100.00", "missing_lines": 0, "excluded_lines": 0, "percent_statements_covered": 100.0, "percent_statements_covered_display": "100.00", "num_branches": 0, "num_partial_branches": 0, "covered_branches": 0, "missing_branches": 0, "percent_branches_covered": 100.0, "percent_branches_covered_display": "100.00"}, "missing_lines": [], "excluded_lines": [], "start_line": 384, "executed_branches": [], "missing_branches": []}, "": {"executed_lines": [12, 13, 14, 15, 16, 19, 20, 22, 23, 24, 27, 30, 40, 65, 107, 141, 166, 193, 220, 247, 277, 310, 337, 344, 362, 371, 384], "summary": {"covered_lines": 27, "num_statements": 27, "percent_covered": 100.0, "percent_covered_display": "100.00", "missing_lines": 0, "excluded_lines": 0, "percent_statements_covered": 100.0, "percent_statements_covered_display": "100.00", "num_branches": 0, "num_partial_branches": 0, "covered_branches": 0, "missing_branches": 0, "percent_branches_covered": 100.0, "percent_branches_covered_display": "100.00"}, "missing_lines": [], "excluded_lines": [], "start_line": 1, "executed_branches": [], "missing_branches": []}}, "classes": {"LogEvent": {"executed_lines": [], "summary": {"covered_lines": 0, "num_statements": 0, "percent_covered": 100.0, "percent_covered_display": "100.00", "missing_lines": 0, "excluded_lines": 0, "percent_statements_covered": 100.0, "percent_statements_covered_display": "100.00", "num_branches": 0, "num_partial_branches": 0, "covered_branches": 0, "missing_branches": 0, "percent_branches_covered": 100.0, "percent_branches_covered_display": "100.00"}, "missing_lines": [], "excluded_lines": [], "start_line": 20, "executed_branches": [], "missing_branches": []}, "EnforcementLogger": {"executed_lines": [37, 38, 54, 63, 89, 105, 127, 139, 155, 164, 180, 189, 209, 218, 236, 245, 265, 275, 297, 308, 326, 335, 351, 353, 354, 355, 356, 357, 369, 391], "summary": {"covered_lines": 30, "num_statements": 41, "percent_covered": 71.11111111111111, "percent_covered_display": "71.11", "missing_lines": 11, "excluded_lines": 0, "percent_statements_covered": 73.17073170731707, "percent_statements_covered_display": "73.17", "num_branches": 4, "num_partial_branches": 0, "covered_branches": 2, "missing_branches": 2, "percent_branches_covered": 50.0, "percent_branches_covered_display": "50.00"}, "missing_lines": [339, 340, 341, 342, 358, 360, 378, 379, 380, 381, 382], "excluded_lines": [], "start_line": 27, "executed_branches": [[353, -344], [353, 354]], "missing_branches": [[379, 380], [379, 382]]}, "": {"executed_lines": [12, 13, 14, 15, 16, 19, 20, 22, 23, 24, 27, 30, 40, 65, 107, 141, 166, 193, 220, 247, 277, 310, 337, 344, 362, 371, 384], "summary": {"covered_lines": 27, "num_statements": 27, "percent_covered": 100.0, "percent_covered_display": "100.00", "missing_lines": 0, "excluded_lines": 0, "percent_statements_covered": 100.0, "percent_statements_covered_display": "100.00", "num_branches": 0, "num_partial_branches": 0, "covered_branches": 0, "missing_branches": 0, "percent_branches_covered": 100.0, "percent_branches_covered_display": "100.00"}, "missing_lines": [], "excluded_lines": [], "start_line": 1, "executed_branches": [], "missing_branches": []}}}, "src\\tools\\enforcement_tool.py": {"executed_lines": [15, 16, 17, 19, 24, 25, 26, 27, 28, 29, 32, 33, 35, 36, 37, 38, 39, 40, 41, 42, 43, 44, 45, 47, 49, 50, 51, 52, 53, 54, 55, 56, 57, 58, 61, 64, 71, 72, 73, 74, 75, 76, 78, 109, 112, 113, 119, 120, 131, 132, 138, 139, 154, 163, 167, 168, 179, 193, 194, 203, 212, 218, 219, 224, 233, 238, 245, 252, 255, 256, 258, 259, 260, 261, 262, 265, 342], "summary": {"covered_lines": 77, "num_statements": 136, "percent_covered": 54.02298850574713, "percent_covered_display": "54.02", "missing_lines": 59, "excluded_lines": 0, "percent_statements_covered": 56.61764705882353, "percent_statements_covered_display": "56.62", "num_branches": 38, "num_partial_branches": 5, "covered_branches": 17, "missing_branches": 21, "percent_branches_covered": 44.73684210526316, "percent_branches_covered_display": "44.74"}, "missing_lines": [116, 126, 127, 128, 133, 134, 135, 140, 141, 143, 144, 145, 146, 147, 148, 149, 150, 151, 155, 156, 157, 158, 159, 160, 181, 185, 288, 289, 290, 291, 293, 294, 295, 296, 297, 299, 300, 302, 303, 304, 306, 307, 308, 309, 310, 312, 314, 315, 316, 318, 319, 324, 325, 327, 330, 331, 333, 371, 372], "excluded_lines": [], "executed_branches": [[49, 50], [49, 51], [51, 52], [51, 53], [53, 54], [53, 55], [55, 56], [55, 57], [57, 58], [113, 119], [139, 154], [154, 163], [179, 193], [193, 194], [193, 203], [218, 219], [218, 233]], "missing_branches": [[57, -47], [113, 116], [139, 140], [143, 144], [143, 154], [144, 145], [144, 146], [146, 143], [146, 147], [154, 155], [156, 157], [156, 158], [179, 181], [306, 307], [306, 312], [315, 316], [315, 318], [318, 319], [318, 324], [330, 331], [330, 333]], "functions": {"EnforceResult.__post_init__": {"executed_lines": [49, 50, 51, 52, 53, 54, 55, 56, 57, 58], "summary": {"covered_lines": 10, "num_statements": 10, "percent_covered": 95.0, "percent_covered_display": "95.00", "missing_lines": 0, "excluded_lines": 0, "percent_statements_covered": 100.0, "percent_statements_covered_display": "100.00", "num_branches": 10, "num_partial_branches": 1, "covered_branches": 9, "missing_branches": 1, "percent_branches_covered": 90.0, "percent_branches_covered_display": "90.00"}, "missing_lines": [], "excluded_lines": [], "start_line": 47, "executed_branches": [[49, 50], [49, 51], [51, 52], [51, 53], [53, 54], [53, 55], [55, 56], [55, 57], [57, 58]], "missing_branches": [[57, -47]]}, "EnforcementTool.__init__": {"executed_lines": [71, 72, 73, 74, 75, 76], "summary": {"covered_lines": 6, "num_statements": 6, "percent_covered": 100.0, "percent_covered_display": "100.00", "missing_lines": 0, "excluded_lines": 0, "percent_statements_covered": 100.0, "percent_statements_covered_display": "100.00", "num_branches": 0, "num_partial_branches": 0, "covered_branches": 0, "missing_branches": 0, "percent_branches_covered": 100.0, "percent_branches_covered_display": "100.00"}, "missing_lines": [], "excluded_lines": [], "start_line": 64, "executed_branches": [], "missing_branches": []}, "EnforcementTool.validate_and_write": {"executed_lines": [109, 112, 113, 119, 120, 131, 132, 138, 139, 154, 163, 167, 168, 179, 193, 194, 203, 212, 218, 219, 224, 233, 238], "summary": {"covered_lines": 23, "num_statements": 49, "percent_covered": 44.927536231884055, "percent_covered_display": "44.93", "missing_lines": 26, "excluded_lines": 0, "percent_statements_covered": 46.93877551020408, "percent_statements_covered_display": "46.94", "num_branches": 20, "num_partial_branches": 4, "covered_branches": 8, "missing_branches": 12, "percent_branches_covered": 40.0, "percent_branches_covered_display": "40.00"}, "missing_lines": [116, 126, 127, 128, 133, 134, 135, 140, 141, 143, 144, 145, 146, 147, 148, 149, 150, 151, 155, 156, 157, 158, 159, 160, 181, 185], "excluded_lines": [], "start_line": 78, "executed_branches": [[113, 119], [139, 154], [154, 163], [179, 193], [193, 194], [193, 203], [218, 219], [218, 233]], "missing_branches": [[113, 116], [139, 140], [143, 144], [143, 154], [144, 145], [144, 146], [146, 143], [146, 147], [154, 155], [156, 157], [156, 158], [179, 181]]}, "EnforcementTool.get_logger": {"executed_lines": [252], "summary": {"covered_lines": 1, "num_statements": 1, "percent_covered": 100.0, "percent_covered_display": "100.00", "missing_lines": 0, "excluded_lines": 0, "percent_statements_covered": 100.0, "percent_statements_covered_display": "100.00", "num_branches": 0, "num_partial_branches": 0, "covered_branches": 0, "missing_branches": 0, "percent_branches_covered": 100.0, "percent_branches_covered_display": "100.00"}, "missing_lines": [], "excluded_lines": [], "start_line": 245, "executed_branches": [], "missing_branches": []}, "enforce_and_fix": {"executed_lines": [], "summary": {"covered_lines": 0, "num_statements": 31, "percent_covered": 0.0, "percent_covered_display": "0.00", "missing_lines": 31, "excluded_lines": 0, "percent_statements_covered": 0.0, "percent_statements_covered_display": "0.00", "num_branches": 8, "num_partial_branches": 0, "covered_branches": 0, "missing_branches": 8, "percent_branches_covered": 0.0, "percent_branches_covered_display": "0.00"}, "missing_lines": [288, 289, 290, 291, 293, 294, 295, 296, 297, 299, 300, 302, 303, 304, 306, 307, 308, 309, 310, 312, 314, 315, 316, 318, 319, 324, 325, 327, 330, 331, 333], "excluded_lines": [], "start_line": 265, "executed_branches": [], "missing_branches": [[306, 307], [306, 312], [315, 316], [315, 318], [318, 319], [318, 324], [330, 331], [330, 333]]}, "enforce_and_fix_async": {"executed_lines": [], "summary": {"covered_lines": 0, "num_statements": 2, "percent_covered": 0.0, "percent_covered_display": "0.00", "missing_lines": 2, "excluded_lines": 0, "percent_statements_covered": 0.0, "percent_statements_covered_display": "0.00", "num_branches": 0, "num_partial_branches": 0, "covered_branches": 0, "missing_branches": 0, "percent_branches_covered": 100.0, "percent_branches_covered_display": "100.00"}, "missing_lines": [371, 372], "excluded_lines": [], "start_line": 342, "executed_branches": [], "missing_branches": []}, "": {"executed_lines": [15, 16, 17, 19, 24, 25, 26, 27, 28, 29, 32, 33, 35, 36, 37, 38, 39, 40, 41, 42, 43, 44, 45, 47, 61, 64, 78, 245, 255, 256, 258, 259, 260, 261, 262, 265, 342], "summary": {"covered_lines": 37, "num_statements": 37, "percent_covered": 100.0, "percent_covered_display": "100.00", "missing_lines": 0, "excluded_lines": 0, "percent_statements_covered": 100.0, "percent_statements_covered_display": "100.00", "num_branches": 0, "num_partial_branches": 0, "covered_branches": 0, "missing_branches": 0, "percent_branches_covered": 100.0, "percent_branches_covered_display": "100.00"}, "missing_lines": [], "excluded_lines": [], "start_line": 1, "executed_branches": [], "missing_branches": []}}, "classes": {"EnforceResult": {"executed_lines": [49, 50, 51, 52, 53, 54, 55, 56, 57, 58], "summary": {"covered_lines": 10, "num_statements": 10, "percent_covered": 95.0, "percent_covered_display": "95.00", "missing_lines": 0, "excluded_lines": 0, "percent_statements_covered": 100.0, "percent_statements_covered_display": "100.00", "num_branches": 10, "num_partial_branches": 1, "covered_branches": 9, "missing_branches": 1, "percent_branches_covered": 90.0, "percent_branches_covered_display": "90.00"}, "missing_lines": [], "excluded_lines": [], "start_line": 33, "executed_branches": [[49, 50], [49, 51], [51, 52], [51, 53], [53, 54], [53, 55], [55, 56], [55, 57], [57, 58]], "missing_branches": [[57, -47]]}, "EnforcementTool": {"executed_lines": [71, 72, 73, 74, 75, 76, 109, 112, 113, 119, 120, 131, 132, 138, 139, 154, 163, 167, 168, 179, 193, 194, 203, 212, 218, 219, 224, 233, 238, 252], "summary": {"covered_lines": 30, "num_statements": 56, "percent_covered": 50.0, "percent_covered_display": "50.00", "missing_lines": 26, "excluded_lines": 0, "percent_statements_covered": 53.57142857142857, "percent_statements_covered_display": "53.57", "num_branches": 20, "num_partial_branches": 4, "covered_branches": 8, "missing_branches": 12, "percent_branches_covered": 40.0, "percent_branches_covered_display": "40.00"}, "missing_lines": [116, 126, 127, 128, 133, 134, 135, 140, 141, 143, 144, 145, 146, 147, 148, 149, 150, 151, 155, 156, 157, 158, 159, 160, 181, 185], "excluded_lines": [], "start_line": 61, "executed_branches": [[113, 119], [139, 154], [154, 163], [179, 193], [193, 194], [193, 203], [218, 219], [218, 233]], "missing_branches": [[113, 116], [139, 140], [143, 144], [143, 154], [144, 145], [144, 146], [146, 143], [146, 147], [154, 155], [156, 157], [156, 158], [179, 181]]}, "EnforcementResult": {"executed_lines": [], "summary": {"covered_lines": 0, "num_statements": 0, "percent_covered": 100.0, "percent_covered_display": "100.00", "missing_lines": 0, "excluded_lines": 0, "percent_statements_covered": 100.0, "percent_statements_covered_display": "100.00", "num_branches": 0, "num_partial_branches": 0, "covered_branches": 0, "missing_branches": 0, "percent_branches_covered": 100.0, "percent_branches_covered_display": "100.00"}, "missing_lines": [], "excluded_lines": [], "start_line": 256, "executed_branches": [], "missing_branches": []}, "": {"executed_lines": [15, 16, 17, 19, 24, 25, 26, 27, 28, 29, 32, 33, 35, 36, 37, 38, 39, 40, 41, 42, 43, 44, 45, 47, 61, 64, 78, 245, 255, 256, 258, 259, 260, 261, 262, 265, 342], "summary": {"covered_lines": 37, "num_statements": 70, "percent_covered": 47.43589743589744, "percent_covered_display": "47.44", "missing_lines": 33, "excluded_lines": 0, "percent_statements_covered": 52.857142857142854, "percent_statements_covered_display": "52.86", "num_branches": 8, "num_partial_branches": 0, "covered_branches": 0, "missing_branches": 8, "percent_branches_covered": 0.0, "percent_branches_covered_display": "0.00"}, "missing_lines": [288, 289, 290, 291, 293, 294, 295, 296, 297, 299, 300, 302, 303, 304, 306, 307, 308, 309, 310, 312, 314, 315, 316, 318, 319, 324, 325, 327, 330, 331, 333, 371, 372], "excluded_lines": [], "start_line": 1, "executed_branches": [], "missing_branches": [[306, 307], [306, 312], [315, 316], [315, 318], [318, 319], [318, 324], [330, 331], [330, 333]]}}}, "src\\tools\\enforcement_tool_types.py": {"executed_lines": [8, 10, 11, 12, 15, 18, 19, 20, 23, 24, 34, 35, 36, 37, 40, 41, 52, 53, 54, 55, 56, 59, 60, 63, 64, 65, 68, 69, 72, 73, 74, 75, 76, 79, 80, 83, 84, 85, 86, 87, 88, 91, 92, 95, 96, 97, 98, 99, 100, 103, 104, 107, 108, 109, 110], "summary": {"covered_lines": 55, "num_statements": 55, "percent_covered": 100.0, "percent_covered_display": "100.00", "missing_lines": 0, "excluded_lines": 0, "percent_statements_covered": 100.0, "percent_statements_covered_display": "100.00", "num_branches": 0, "num_partial_branches": 0, "covered_branches": 0, "missing_branches": 0, "percent_branches_covered": 100.0, "percent_branches_covered_display": "100.00"}, "missing_lines": [], "excluded_lines": [], "executed_branches": [], "missing_branches": [], "functions": {"": {"executed_lines": [8, 10, 11, 12, 15, 18, 19, 20, 23, 24, 34, 35, 36, 37, 40, 41, 52, 53, 54, 55, 56, 59, 60, 63, 64, 65, 68, 69, 72, 73, 74, 75, 76, 79, 80, 83, 84, 85, 86, 87, 88, 91, 92, 95, 96, 97, 98, 99, 100, 103, 104, 107, 108, 109, 110], "summary": {"covered_lines": 55, "num_statements": 55, "percent_covered": 100.0, "percent_covered_display": "100.00", "missing_lines": 0, "excluded_lines": 0, "percent_statements_covered": 100.0, "percent_statements_covered_display": "100.00", "num_branches": 0, "num_partial_branches": 0, "covered_branches": 0, "missing_branches": 0, "percent_branches_covered": 100.0, "percent_branches_covered_display": "100.00"}, "missing_lines": [], "excluded_lines": [], "start_line": 1, "executed_branches": [], "missing_branches": []}}, "classes": {"ViolationSeverity": {"executed_lines": [], "summary": {"covered_lines": 0, "num_statements": 0, "percent_covered": 100.0, "percent_covered_display": "100.00", "missing_lines": 0, "excluded_lines": 0, "percent_statements_covered": 100.0, "percent_statements_covered_display": "100.00", "num_branches": 0, "num_partial_branches": 0, "covered_branches": 0, "missing_branches": 0, "percent_branches_covered": 100.0, "percent_branches_covered_display": "100.00"}, "missing_lines": [], "excluded_lines": [], "start_line": 15, "executed_branches": [], "missing_branches": []}, "Section": {"executed_lines": [], "summary": {"covered_lines": 0, "num_statements": 0, "percent_covered": 100.0, "percent_covered_display": "100.00", "missing_lines": 0, "excluded_lines": 0, "percent_statements_covered": 100.0, "percent_statements_covered_display": "100.00", "num_branches": 0, "num_partial_branches": 0, "covered_branches": 0, "missing_branches": 0, "percent_branches_covered": 100.0, "percent_branches_covered_display": "100.00"}, "missing_lines": [], "excluded_lines": [], "start_line": 24, "executed_branches": [], "missing_branches": []}, "TemplateSchema": {"executed_lines": [], "summary": {"covered_lines": 0, "num_statements": 0, "percent_covered": 100.0, "percent_covered_display": "100.00", "missing_lines": 0, "excluded_lines": 0, "percent_statements_covered": 100.0, "percent_statements_covered_display": "100.00", "num_branches": 0, "num_partial_branches": 0, "covered_branches": 0, "missing_branches": 0, "percent_branches_covered": 100.0, "percent_branches_covered_display": "100.00"}, "missing_lines": [], "excluded_lines": [], "start_line": 41, "executed_branches": [], "missing_branches": []}, "Heading": {"executed_lines": [], "summary": {"covered_lines": 0, "num_statements": 0, "percent_covered": 100.0, "percent_covered_display": "100.00", "missing_lines": 0, "excluded_lines": 0, "percent_statements_covered": 100.0, "percent_statements_covered_display": "100.00", "num_branches": 0, "num_partial_branches": 0, "covered_branches": 0, "missing_branches": 0, "percent_branches_covered": 100.0, "percent_branches_covered_display": "100.00"}, "missing_lines": [], "excluded_lines": [], "start_line": 60, "executed_branches": [], "missing_branches": []}, "Violation": {"executed_lines": [], "summary": {"covered_lines": 0, "num_statements": 0, "percent_covered": 100.0, "percent_covered_display": "100.00", "missing_lines": 0, "excluded_lines": 0, "percent_statements_covered": 100.0, "percent_statements_covered_display": "100.00", "num_branches": 0, "num_partial_branches": 0, "covered_branches": 0, "missing_branches": 0, "percent_branches_covered": 100.0, "percent_branches_covered_display": "100.00"}, "missing_lines": [], "excluded_lines": [], "start_line": 69, "executed_branches": [], "missing_branches": []}, "ValidationResult": {"executed_lines": [], "summary": {"covered_lines": 0, "num_statements": 0, "percent_covered": 100.0, "percent_covered_display": "100.00", "missing_lines": 0, "excluded_lines": 0, "percent_statements_covered": 100.0, "percent_statements_covered_display": "100.00", "num_branches": 0, "num_partial_branches": 0, "covered_branches": 0, "missing_branches": 0, "percent_branches_covered": 100.0, "percent_branches_covered_display": "100.00"}, "missing_lines": [], "excluded_lines": [], "start_line": 80, "executed_branches": [], "missing_branches": []}, "FileMetadata": {"executed_lines": [], "summary": {"covered_lines": 0, "num_statements": 0, "percent_covered": 100.0, "percent_covered_display": "100.00", "missing_lines": 0, "excluded_lines": 0, "percent_statements_covered": 100.0, "percent_statements_covered_display": "100.00", "num_branches": 0, "num_partial_branches": 0, "covered_branches": 0, "missing_branches": 0, "percent_branches_covered": 100.0, "percent_branches_covered_display": "100.00"}, "missing_lines": [], "excluded_lines": [], "start_line": 92, "executed_branches": [], "missing_branches": []}, "WriteResult": {"executed_lines": [], "summary": {"covered_lines": 0, "num_statements": 0, "percent_covered": 100.0, "percent_covered_display": "100.00", "missing_lines": 0, "excluded_lines": 0, "percent_statements_covered": 100.0, "percent_statements_covered_display": "100.00", "num_branches": 0, "num_partial_branches": 0, "covered_branches": 0, "missing_branches": 0, "percent_branches_covered": 100.0, "percent_branches_covered_display": "100.00"}, "missing_lines": [], "excluded_lines": [], "start_line": 104, "executed_branches": [], "missing_branches": []}, "": {"executed_lines": [8, 10, 11, 12, 15, 18, 19, 20, 23, 24, 34, 35, 36, 37, 40, 41, 52, 53, 54, 55, 56, 59, 60, 63, 64, 65, 68, 69, 72, 73, 74, 75, 76, 79, 80, 83, 84, 85, 86, 87, 88, 91, 92, 95, 96, 97, 98, 99, 100, 103, 104, 107, 108, 109, 110], "summary": {"covered_lines": 55, "num_statements": 55, "percent_covered": 100.0, "percent_covered_display": "100.00", "missing_lines": 0, "excluded_lines": 0, "percent_statements_covered": 100.0, "percent_statements_covered_display": "100.00", "num_branches": 0, "num_partial_branches": 0, "covered_branches": 0, "missing_branches": 0, "percent_branches_covered": 100.0, "percent_branches_covered_display": "100.00"}, "missing_lines": [], "excluded_lines": [], "start_line": 1, "executed_branches": [], "missing_branches": []}}}, "src\\tools\\extractors\\__init__.py": {"executed_lines": [5, 7], "summary": {"covered_lines": 2, "num_statements": 2, "percent_covered": 100.0, "percent_covered_display": "100.00", "missing_lines": 0, "excluded_lines": 0, "percent_statements_covered": 100.0, "percent_statements_covered_display": "100.00", "num_branches": 0, "num_partial_branches": 0, "covered_branches": 0, "missing_branches": 0, "percent_branches_covered": 100.0, "percent_branches_covered_display": "100.00"}, "missing_lines": [], "excluded_lines": [], "executed_branches": [], "missing_branches": [], "functions": {"": {"executed_lines": [5, 7], "summary": {"covered_lines": 2, "num_statements": 2, "percent_covered": 100.0, "percent_covered_display": "100.00", "missing_lines": 0, "excluded_lines": 0, "percent_statements_covered": 100.0, "percent_statements_covered_display": "100.00", "num_branches": 0, "num_partial_branches": 0, "covered_branches": 0, "missing_branches": 0, "percent_branches_covered": 100.0, "percent_branches_covered_display": "100.00"}, "missing_lines": [], "excluded_lines": [], "start_line": 1, "executed_branches": [], "missing_branches": []}}, "classes": {"": {"executed_lines": [5, 7], "summary": {"covered_lines": 2, "num_statements": 2, "percent_covered": 100.0, "percent_covered_display": "100.00", "missing_lines": 0, "excluded_lines": 0, "percent_statements_covered": 100.0, "percent_statements_covered_display": "100.00", "num_branches": 0, "num_partial_branches": 0, "covered_branches": 0, "missing_branches": 0, "percent_branches_covered": 100.0, "percent_branches_covered_display": "100.00"}, "missing_lines": [], "excluded_lines": [], "start_line": 1, "executed_branches": [], "missing_branches": []}}}, "src\\tools\\extractors\\base_extractor.py": {"executed_lines": [5, 6, 7, 8, 11, 12, 14, 15, 16, 17, 18, 21, 22, 24, 25, 26, 27, 28, 29, 30, 31, 32, 35, 36, 38, 39, 40, 41, 42, 43, 46, 47, 49, 50, 51, 52, 53, 56, 57, 59, 60, 61, 62, 63, 64, 65, 68, 69, 71, 72, 73, 76, 77, 79, 80, 81, 82, 83, 86, 87, 89, 90, 91, 92, 93, 94, 95, 98, 99, 101, 102, 103, 104, 105, 106, 107, 108, 109, 110, 113, 114, 116, 117, 118, 119, 120, 121, 124, 125, 127, 128, 129, 130, 131, 134, 135, 137, 138, 139, 140, 141, 142, 143, 144, 147, 148, 150, 151, 152, 153, 154, 155, 156, 157, 158, 159, 160, 161, 162, 163, 164, 165, 166, 167, 168, 171, 174, 181, 182, 183, 214, 224, 225], "summary": {"covered_lines": 133, "num_statements": 137, "percent_covered": 97.08029197080292, "percent_covered_display": "97.08", "missing_lines": 4, "excluded_lines": 27, "percent_statements_covered": 97.08029197080292, "percent_statements_covered_display": "97.08", "num_branches": 0, "num_partial_branches": 0, "covered_branches": 0, "missing_branches": 0, "percent_branches_covered": 100.0, "percent_branches_covered_display": "100.00"}, "missing_lines": [226, 228, 232, 233], "excluded_lines": [185, 186, 187, 188, 189, 190, 191, 192, 193, 194, 195, 196, 198, 199, 200, 201, 202, 203, 204, 205, 206, 207, 208, 209, 210, 211, 212], "executed_branches": [], "missing_branches": [], "functions": {"BaseExtractor.__init__": {"executed_lines": [181, 182, 183], "summary": {"covered_lines": 3, "num_statements": 3, "percent_covered": 100.0, "percent_covered_display": "100.00", "missing_lines": 0, "excluded_lines": 0, "percent_statements_covered": 100.0, "percent_statements_covered_display": "100.00", "num_branches": 0, "num_partial_branches": 0, "covered_branches": 0, "missing_branches": 0, "percent_branches_covered": 100.0, "percent_branches_covered_display": "100.00"}, "missing_lines": [], "excluded_lines": [], "start_line": 174, "executed_branches": [], "missing_branches": []}, "BaseExtractor.can_extract": {"executed_lines": [], "summary": {"covered_lines": 0, "num_statements": 0, "percent_covered": 100.0, "percent_covered_display": "100.00", "missing_lines": 0, "excluded_lines": 10, "percent_statements_covered": 100.0, "percent_statements_covered_display": "100.00", "num_branches": 0, "num_partial_branches": 0, "covered_branches": 0, "missing_branches": 0, "percent_branches_covered": 100.0, "percent_branches_covered_display": "100.00"}, "missing_lines": [], "excluded_lines": [187, 188, 189, 190, 191, 192, 193, 194, 195, 196], "start_line": 186, "executed_branches": [], "missing_branches": []}, "BaseExtractor.extract": {"executed_lines": [], "summary": {"covered_lines": 0, "num_statements": 0, "percent_covered": 100.0, "percent_covered_display": "100.00", "missing_lines": 0, "excluded_lines": 13, "percent_statements_covered": 100.0, "percent_statements_covered_display": "100.00", "num_branches": 0, "num_partial_branches": 0, "covered_branches": 0, "missing_branches": 0, "percent_branches_covered": 100.0, "percent_branches_covered_display": "100.00"}, "missing_lines": [], "excluded_lines": [200, 201, 202, 203, 204, 205, 206, 207, 208, 209, 210, 211, 212], "start_line": 199, "executed_branches": [], "missing_branches": []}, "BaseExtractor.safe_extract": {"executed_lines": [224, 225], "summary": {"covered_lines": 2, "num_statements": 6, "percent_covered": 33.333333333333336, "percent_covered_display": "33.33", "missing_lines": 4, "excluded_lines": 0, "percent_statements_covered": 33.333333333333336, "percent_statements_covered_display": "33.33", "num_branches": 0, "num_partial_branches": 0, "covered_branches": 0, "missing_branches": 0, "percent_branches_covered": 100.0, "percent_branches_covered_display": "100.00"}, "missing_lines": [226, 228, 232, 233], "excluded_lines": [], "start_line": 214, "executed_branches": [], "missing_branches": []}, "": {"executed_lines": [5, 6, 7, 8, 11, 12, 14, 15, 16, 17, 18, 21, 22, 24, 25, 26, 27, 28, 29, 30, 31, 32, 35, 36, 38, 39, 40, 41, 42, 43, 46, 47, 49, 50, 51, 52, 53, 56, 57, 59, 60, 61, 62, 63, 64, 65, 68, 69, 71, 72, 73, 76, 77, 79, 80, 81, 82, 83, 86, 87, 89, 90, 91, 92, 93, 94, 95, 98, 99, 101, 102, 103, 104, 105, 106, 107, 108, 109, 110, 113, 114, 116, 117, 118, 119, 120, 121, 124, 125, 127, 128, 129, 130, 131, 134, 135, 137, 138, 139, 140, 141, 142, 143, 144, 147, 148, 150, 151, 152, 153, 154, 155, 156, 157, 158, 159, 160, 161, 162, 163, 164, 165, 166, 167, 168, 171, 174, 214], "summary": {"covered_lines": 128, "num_statements": 128, "percent_covered": 100.0, "percent_covered_display": "100.00", "missing_lines": 0, "excluded_lines": 4, "percent_statements_covered": 100.0, "percent_statements_covered_display": "100.00", "num_branches": 0, "num_partial_branches": 0, "covered_branches": 0, "missing_branches": 0, "percent_branches_covered": 100.0, "percent_branches_covered_display": "100.00"}, "missing_lines": [], "excluded_lines": [185, 186, 198, 199], "start_line": 1, "executed_branches": [], "missing_branches": []}}, "classes": {"ExtractedParameter": {"executed_lines": [], "summary": {"covered_lines": 0, "num_statements": 0, "percent_covered": 100.0, "percent_covered_display": "100.00", "missing_lines": 0, "excluded_lines": 0, "percent_statements_covered": 100.0, "percent_statements_covered_display": "100.00", "num_branches": 0, "num_partial_branches": 0, "covered_branches": 0, "missing_branches": 0, "percent_branches_covered": 100.0, "percent_branches_covered_display": "100.00"}, "missing_lines": [], "excluded_lines": [], "start_line": 12, "executed_branches": [], "missing_branches": []}, "ExtractedMethod": {"executed_lines": [], "summary": {"covered_lines": 0, "num_statements": 0, "percent_covered": 100.0, "percent_covered_display": "100.00", "missing_lines": 0, "excluded_lines": 0, "percent_statements_covered": 100.0, "percent_statements_covered_display": "100.00", "num_branches": 0, "num_partial_branches": 0, "covered_branches": 0, "missing_branches": 0, "percent_branches_covered": 100.0, "percent_branches_covered_display": "100.00"}, "missing_lines": [], "excluded_lines": [], "start_line": 22, "executed_branches": [], "missing_branches": []}, "ExtractedClass": {"executed_lines": [], "summary": {"covered_lines": 0, "num_statements": 0, "percent_covered": 100.0, "percent_covered_display": "100.00", "missing_lines": 0, "excluded_lines": 0, "percent_statements_covered": 100.0, "percent_statements_covered_display": "100.00", "num_branches": 0, "num_partial_branches": 0, "covered_branches": 0, "missing_branches": 0, "percent_branches_covered": 100.0, "percent_branches_covered_display": "100.00"}, "missing_lines": [], "excluded_lines": [], "start_line": 36, "executed_branches": [], "missing_branches": []}, "ExtractedValidation": {"executed_lines": [], "summary": {"covered_lines": 0, "num_statements": 0, "percent_covered": 100.0, "percent_covered_display": "100.00", "missing_lines": 0, "excluded_lines": 0, "percent_statements_covered": 100.0, "percent_statements_covered_display": "100.00", "num_branches": 0, "num_partial_branches": 0, "covered_branches": 0, "missing_branches": 0, "percent_branches_covered": 100.0, "percent_branches_covered_display": "100.00"}, "missing_lines": [], "excluded_lines": [], "start_line": 47, "executed_branches": [], "missing_branches": []}, "ExtractedRoute": {"executed_lines": [], "summary": {"covered_lines": 0, "num_statements": 0, "percent_covered": 100.0, "percent_covered_display": "100.00", "missing_lines": 0, "excluded_lines": 0, "percent_statements_covered": 100.0, "percent_statements_covered_display": "100.00", "num_branches": 0, "num_partial_branches": 0, "covered_branches": 0, "missing_branches": 0, "percent_branches_covered": 100.0, "percent_branches_covered_display": "100.00"}, "missing_lines": [], "excluded_lines": [], "start_line": 57, "executed_branches": [], "missing_branches": []}, "ExtractedDependency": {"executed_lines": [], "summary": {"covered_lines": 0, "num_statements": 0, "percent_covered": 100.0, "percent_covered_display": "100.00", "missing_lines": 0, "excluded_lines": 0, "percent_statements_covered": 100.0, "percent_statements_covered_display": "100.00", "num_branches": 0, "num_partial_branches": 0, "covered_branches": 0, "missing_branches": 0, "percent_branches_covered": 100.0, "percent_branches_covered_display": "100.00"}, "missing_lines": [], "excluded_lines": [], "start_line": 69, "executed_branches": [], "missing_branches": []}, "ExtractedBusinessRule": {"executed_lines": [], "summary": {"covered_lines": 0, "num_statements": 0, "percent_covered": 100.0, "percent_covered_display": "100.00", "missing_lines": 0, "excluded_lines": 0, "percent_statements_covered": 100.0, "percent_statements_covered_display": "100.00", "num_branches": 0, "num_partial_branches": 0, "covered_branches": 0, "missing_branches": 0, "percent_branches_covered": 100.0, "percent_branches_covered_display": "100.00"}, "missing_lines": [], "excluded_lines": [], "start_line": 77, "executed_branches": [], "missing_branches": []}, "ExtractedDataOperation": {"executed_lines": [], "summary": {"covered_lines": 0, "num_statements": 0, "percent_covered": 100.0, "percent_covered_display": "100.00", "missing_lines": 0, "excluded_lines": 0, "percent_statements_covered": 100.0, "percent_statements_covered_display": "100.00", "num_branches": 0, "num_partial_branches": 0, "covered_branches": 0, "missing_branches": 0, "percent_branches_covered": 100.0, "percent_branches_covered_display": "100.00"}, "missing_lines": [], "excluded_lines": [], "start_line": 87, "executed_branches": [], "missing_branches": []}, "ExtractedColumn": {"executed_lines": [], "summary": {"covered_lines": 0, "num_statements": 0, "percent_covered": 100.0, "percent_covered_display": "100.00", "missing_lines": 0, "excluded_lines": 0, "percent_statements_covered": 100.0, "percent_statements_covered_display": "100.00", "num_branches": 0, "num_partial_branches": 0, "covered_branches": 0, "missing_branches": 0, "percent_branches_covered": 100.0, "percent_branches_covered_display": "100.00"}, "missing_lines": [], "excluded_lines": [], "start_line": 99, "executed_branches": [], "missing_branches": []}, "ExtractedTable": {"executed_lines": [], "summary": {"covered_lines": 0, "num_statements": 0, "percent_covered": 100.0, "percent_covered_display": "100.00", "missing_lines": 0, "excluded_lines": 0, "percent_statements_covered": 100.0, "percent_statements_covered_display": "100.00", "num_branches": 0, "num_partial_branches": 0, "covered_branches": 0, "missing_branches": 0, "percent_branches_covered": 100.0, "percent_branches_covered_display": "100.00"}, "missing_lines": [], "excluded_lines": [], "start_line": 114, "executed_branches": [], "missing_branches": []}, "ExtractedProp": {"executed_lines": [], "summary": {"covered_lines": 0, "num_statements": 0, "percent_covered": 100.0, "percent_covered_display": "100.00", "missing_lines": 0, "excluded_lines": 0, "percent_statements_covered": 100.0, "percent_statements_covered_display": "100.00", "num_branches": 0, "num_partial_branches": 0, "covered_branches": 0, "missing_branches": 0, "percent_branches_covered": 100.0, "percent_branches_covered_display": "100.00"}, "missing_lines": [], "excluded_lines": [], "start_line": 125, "executed_branches": [], "missing_branches": []}, "ExtractedComponent": {"executed_lines": [], "summary": {"covered_lines": 0, "num_statements": 0, "percent_covered": 100.0, "percent_covered_display": "100.00", "missing_lines": 0, "excluded_lines": 0, "percent_statements_covered": 100.0, "percent_statements_covered_display": "100.00", "num_branches": 0, "num_partial_branches": 0, "covered_branches": 0, "missing_branches": 0, "percent_branches_covered": 100.0, "percent
[...]
s": [107, 108, 109, 111, 112, 114, 119, 128], "summary": {"covered_lines": 8, "num_statements": 8, "percent_covered": 100.0, "percent_covered_display": "100.00", "missing_lines": 0, "excluded_lines": 0, "percent_statements_covered": 100.0, "percent_statements_covered_display": "100.00", "num_branches": 4, "num_partial_branches": 0, "covered_branches": 4, "missing_branches": 0, "percent_branches_covered": 100.0, "percent_branches_covered_display": "100.00"}, "missing_lines": [], "excluded_lines": [], "start_line": 103, "executed_branches": [[111, 112], [111, 128], [112, 111], [112, 114]], "missing_branches": []}, "ValidationEngine.check_section_order": {"executed_lines": [134, 135, 136, 142, 144, 145, 151, 159], "summary": {"covered_lines": 8, "num_statements": 8, "percent_covered": 100.0, "percent_covered_display": "100.00", "missing_lines": 0, "excluded_lines": 0, "percent_statements_covered": 100.0, "percent_statements_covered_display": "100.00", "num_branches": 2, "num_partial_branches": 0, "covered_branches": 2, "missing_branches": 0, "percent_branches_covered": 100.0, "percent_branches_covered_display": "100.00"}, "missing_lines": [], "excluded_lines": [], "start_line": 130, "executed_branches": [[142, 144], [142, 159]], "missing_branches": []}, "ValidationEngine.check_heading_hierarchy": {"executed_lines": [163, 164, 167, 168, 169, 170, 182, 183], "summary": {"covered_lines": 8, "num_statements": 9, "percent_covered": 86.66666666666667, "percent_covered_display": "86.67", "missing_lines": 1, "excluded_lines": 0, "percent_statements_covered": 88.88888888888889, "percent_statements_covered_display": "88.89", "num_branches": 6, "num_partial_branches": 1, "covered_branches": 5, "missing_branches": 1, "percent_branches_covered": 83.33333333333333, "percent_branches_covered_display": "83.33"}, "missing_lines": [165], "excluded_lines": [], "start_line": 161, "executed_branches": [[164, 167], [168, 169], [168, 183], [169, 170], [169, 182]], "missing_branches": [[164, 165]]}, "ValidationEngine.calculate_severity_summary": {"executed_lines": [187, 188, 189, 190, 195], "summary": {"covered_lines": 5, "num_statements": 9, "percent_covered": 47.05882352941177, "percent_covered_display": "47.06", "missing_lines": 4, "excluded_lines": 0, "percent_statements_covered": 55.55555555555556, "percent_statements_covered_display": "55.56", "num_branches": 8, "num_partial_branches": 1, "covered_branches": 3, "missing_branches": 5, "percent_branches_covered": 37.5, "percent_branches_covered_display": "37.50"}, "missing_lines": [191, 192, 193, 194], "excluded_lines": [], "start_line": 185, "executed_branches": [[188, 189], [188, 195], [189, 190]], "missing_branches": [[189, 191], [191, 192], [191, 193], [193, 188], [193, 194]]}, "ValidationEngine.calculate_confidence": {"executed_lines": [199, 200, 201, 203, 204, 205, 206, 207], "summary": {"covered_lines": 8, "num_statements": 8, "percent_covered": 100.0, "percent_covered_display": "100.00", "missing_lines": 0, "excluded_lines": 0, "percent_statements_covered": 100.0, "percent_statements_covered_display": "100.00", "num_branches": 0, "num_partial_branches": 0, "covered_branches": 0, "missing_branches": 0, "percent_branches_covered": 100.0, "percent_branches_covered_display": "100.00"}, "missing_lines": [], "excluded_lines": [], "start_line": 197, "executed_branches": [], "missing_branches": []}, "": {"executed_lines": [8, 10, 12, 13, 23, 26, 38, 61, 103, 130, 161, 185, 197], "summary": {"covered_lines": 13, "num_statements": 13, "percent_covered": 100.0, "percent_covered_display": "100.00", "missing_lines": 0, "excluded_lines": 0, "percent_statements_covered": 100.0, "percent_statements_covered_display": "100.00", "num_branches": 0, "num_partial_branches": 0, "covered_branches": 0, "missing_branches": 0, "percent_branches_covered": 100.0, "percent_branches_covered_display": "100.00"}, "missing_lines": [], "excluded_lines": [], "start_line": 1, "executed_branches": [], "missing_branches": []}}, "classes": {"ValidationEngine": {"executed_lines": [42, 43, 44, 47, 48, 50, 51, 52, 54, 63, 64, 65, 73, 75, 80, 82, 93, 101, 107, 108, 109, 111, 112, 114, 119, 128, 134, 135, 136, 142, 144, 145, 151, 159, 163, 164, 167, 168, 169, 170, 182, 183, 187, 188, 189, 190, 195, 199, 200, 201, 203, 204, 205, 206, 207], "summary": {"covered_lines": 55, "num_statements": 60, "percent_covered": 86.9047619047619, "percent_covered_display": "86.90", "missing_lines": 5, "excluded_lines": 0, "percent_statements_covered": 91.66666666666667, "percent_statements_covered_display": "91.67", "num_branches": 24, "num_partial_branches": 2, "covered_branches": 18, "missing_branches": 6, "percent_branches_covered": 75.0, "percent_branches_covered_display": "75.00"}, "missing_lines": [165, 191, 192, 193, 194], "excluded_lines": [], "start_line": 23, "executed_branches": [[64, 65], [64, 75], [80, 82], [80, 101], [111, 112], [111, 128], [112, 111], [112, 114], [142, 144], [142, 159], [164, 167], [168, 169], [168, 183], [169, 170], [169, 182], [188, 189], [188, 195], [189, 190]], "missing_branches": [[164, 165], [189, 191], [191, 192], [191, 193], [193, 188], [193, 194]]}, "": {"executed_lines": [8, 10, 12, 13, 23, 26, 38, 61, 103, 130, 161, 185, 197], "summary": {"covered_lines": 13, "num_statements": 13, "percent_covered": 100.0, "percent_covered_display": "100.00", "missing_lines": 0, "excluded_lines": 0, "percent_statements_covered": 100.0, "percent_statements_covered_display": "100.00", "num_branches": 0, "num_partial_branches": 0, "covered_branches": 0, "missing_branches": 0, "percent_branches_covered": 100.0, "percent_branches_covered_display": "100.00"}, "missing_lines": [], "excluded_lines": [], "start_line": 1, "executed_branches": [], "missing_branches": []}}}, "src\\tools\\workflow_tracker.py": {"executed_lines": [14, 15, 16, 17, 18, 20, 23, 24, 26, 27, 28, 29, 32, 56, 63, 64, 65, 66, 68, 78, 79, 85, 86, 88, 101, 102, 104, 105, 108, 109, 110, 111, 112, 114, 116, 128, 129, 131, 135, 136, 137, 138, 140, 142, 151, 152, 153, 154, 156, 165, 166, 167, 172, 173, 175, 176, 178, 180, 187], "summary": {"covered_lines": 59, "num_statements": 60, "percent_covered": 94.5945945945946, "percent_covered_display": "94.59", "missing_lines": 1, "excluded_lines": 0, "percent_statements_covered": 98.33333333333333, "percent_statements_covered_display": "98.33", "num_branches": 14, "num_partial_branches": 3, "covered_branches": 11, "missing_branches": 3, "percent_branches_covered": 78.57142857142857, "percent_branches_covered_display": "78.57"}, "missing_lines": [132], "excluded_lines": [], "executed_branches": [[104, 105], [104, 108], [109, 110], [109, 114], [131, 135], [136, 137], [136, 140], [152, 153], [172, 173], [172, 175], [175, 176]], "missing_branches": [[131, 132], [152, -142], [175, 178]], "functions": {"WorkflowTracker.__init__": {"executed_lines": [63, 64, 65, 66], "summary": {"covered_lines": 4, "num_statements": 4, "percent_covered": 100.0, "percent_covered_display": "100.00", "missing_lines": 0, "excluded_lines": 0, "percent_statements_covered": 100.0, "percent_statements_covered_display": "100.00", "num_branches": 0, "num_partial_branches": 0, "covered_branches": 0, "missing_branches": 0, "percent_branches_covered": 100.0, "percent_branches_covered_display": "100.00"}, "missing_lines": [], "excluded_lines": [], "start_line": 56, "executed_branches": [], "missing_branches": []}, "WorkflowTracker.mark_stub_generated": {"executed_lines": [78, 79, 85, 86], "summary": {"covered_lines": 4, "num_statements": 4, "percent_covered": 100.0, "percent_covered_display": "100.00", "missing_lines": 0, "excluded_lines": 0, "percent_statements_covered": 100.0, "percent_statements_covered_display": "100.00", "num_branches": 0, "num_partial_branches": 0, "covered_branches": 0, "missing_branches": 0, "percent_branches_covered": 100.0, "percent_branches_covered_display": "100.00"}, "missing_lines": [], "excluded_lines": [], "start_line": 68, "executed_branches": [], "missing_branches": []}, "WorkflowTracker.is_stub_generated": {"executed_lines": [101, 102, 104, 105, 108, 109, 110, 111, 112, 114], "summary": {"covered_lines": 10, "num_statements": 10, "percent_covered": 100.0, "percent_covered_display": "100.00", "missing_lines": 0, "excluded_lines": 0, "percent_statements_covered": 100.0, "percent_statements_covered_display": "100.00", "num_branches": 4, "num_partial_branches": 0, "covered_branches": 4, "missing_branches": 0, "percent_branches_covered": 100.0, "percent_branches_covered_display": "100.00"}, "missing_lines": [], "excluded_lines": [], "start_line": 88, "executed_branches": [[104, 105], [104, 108], [109, 110], [109, 114]], "missing_branches": []}, "WorkflowTracker.get_state": {"executed_lines": [128, 129, 131, 135, 136, 137, 138, 140], "summary": {"covered_lines": 8, "num_statements": 9, "percent_covered": 84.61538461538461, "percent_covered_display": "84.62", "missing_lines": 1, "excluded_lines": 0, "percent_statements_covered": 88.88888888888889, "percent_statements_covered_display": "88.89", "num_branches": 4, "num_partial_branches": 1, "covered_branches": 3, "missing_branches": 1, "percent_branches_covered": 75.0, "percent_branches_covered_display": "75.00"}, "missing_lines": [132], "excluded_lines": [], "start_line": 116, "executed_branches": [[131, 135], [136, 137], [136, 140]], "missing_branches": [[131, 132]]}, "WorkflowTracker.clear": {"executed_lines": [151, 152, 153, 154], "summary": {"covered_lines": 4, "num_statements": 4, "percent_covered": 83.33333333333333, "percent_covered_display": "83.33", "missing_lines": 0, "excluded_lines": 0, "percent_statements_covered": 100.0, "percent_statements_covered_display": "100.00", "num_branches": 2, "num_partial_branches": 1, "covered_branches": 1, "missing_branches": 1, "percent_branches_covered": 50.0, "percent_branches_covered_display": "50.00"}, "missing_lines": [], "excluded_lines": [], "start_line": 142, "executed_branches": [[152, 153]], "missing_branches": [[152, -142]]}, "WorkflowTracker.cleanup_expired": {"executed_lines": [165, 166, 167, 172, 173, 175, 176, 178], "summary": {"covered_lines": 8, "num_statements": 8, "percent_covered": 91.66666666666667, "percent_covered_display": "91.67", "missing_lines": 0, "excluded_lines": 0, "percent_statements_covered": 100.0, "percent_statements_covered_display": "100.00", "num_branches": 4, "num_partial_branches": 1, "covered_branches": 3, "missing_branches": 1, "percent_branches_covered": 75.0, "percent_branches_covered_display": "75.00"}, "missing_lines": [], "excluded_lines": [], "start_line": 156, "executed_branches": [[172, 173], [172, 175], [175, 176]], "missing_branches": [[175, 178]]}, "WorkflowTracker.get_stats": {"executed_lines": [187], "summary": {"covered_lines": 1, "num_statements": 1, "percent_covered": 100.0, "percent_covered_display": "100.00", "missing_lines": 0, "excluded_lines": 0, "percent_statements_covered": 100.0, "percent_statements_covered_display": "100.00", "num_branches": 0, "num_partial_branches": 0, "covered_branches": 0, "missing_branches": 0, "percent_branches_covered": 100.0, "percent_branches_covered_display": "100.00"}, "missing_lines": [], "excluded_lines": [], "start_line": 180, "executed_branches": [], "missing_branches": []}, "": {"executed_lines": [14, 15, 16, 17, 18, 20, 23, 24, 26, 27, 28, 29, 32, 56, 68, 88, 116, 142, 156, 180], "summary": {"covered_lines": 20, "num_statements": 20, "percent_covered": 100.0, "percent_covered_display": "100.00", "missing_lines": 0, "excluded_lines": 0, "percent_statements_covered": 100.0, "percent_statements_covered_display": "100.00", "num_branches": 0, "num_partial_branches": 0, "covered_branches": 0, "missing_branches": 0, "percent_branches_covered": 100.0, "percent_branches_covered_display": "100.00"}, "missing_lines": [], "excluded_lines": [], "start_line": 1, "executed_branches": [], "missing_branches": []}}, "classes": {"WorkflowState": {"executed_lines": [], "summary": {"covered_lines": 0, "num_statements": 0, "percent_covered": 100.0, "percent_covered_display": "100.00", "missing_lines": 0, "excluded_lines": 0, "percent_statements_covered": 100.0, "percent_statements_covered_display": "100.00", "num_branches": 0, "num_partial_branches": 0, "covered_branches": 0, "missing_branches": 0, "percent_branches_covered": 100.0, "percent_branches_covered_display": "100.00"}, "missing_lines": [], "excluded_lines": [], "start_line": 24, "executed_branches": [], "missing_branches": []}, "WorkflowTracker": {"executed_lines": [63, 64, 65, 66, 78, 79, 85, 86, 101, 102, 104, 105, 108, 109, 110, 111, 112, 114, 128, 129, 131, 135, 136, 137, 138, 140, 151, 152, 153, 154, 165, 166, 167, 172, 173, 175, 176, 178, 187], "summary": {"covered_lines": 39, "num_statements": 40, "percent_covered": 92.5925925925926, "percent_covered_display": "92.59", "missing_lines": 1, "excluded_lines": 0, "percent_statements_covered": 97.5, "percent_statements_covered_display": "97.50", "num_branches": 14, "num_partial_branches": 3, "covered_branches": 11, "missing_branches": 3, "percent_branches_covered": 78.57142857142857, "percent_branches_covered_display": "78.57"}, "missing_lines": [132], "excluded_lines": [], "start_line": 32, "executed_branches": [[104, 105], [104, 108], [109, 110], [109, 114], [131, 135], [136, 137], [136, 140], [152, 153], [172, 173], [172, 175], [175, 176]], "missing_branches": [[131, 132], [152, -142], [175, 178]]}, "": {"executed_lines": [14, 15, 16, 17, 18, 20, 23, 24, 26, 27, 28, 29, 32, 56, 68, 88, 116, 142, 156, 180], "summary": {"covered_lines": 20, "num_statements": 20, "percent_covered": 100.0, "percent_covered_display": "100.00", "missing_lines": 0, "excluded_lines": 0, "percent_statements_covered": 100.0, "percent_statements_covered_display": "100.00", "num_branches": 0, "num_partial_branches": 0, "covered_branches": 0, "missing_branches": 0, "percent_branches_covered": 100.0, "percent_branches_covered_display": "100.00"}, "missing_lines": [], "excluded_lines": [], "start_line": 1, "executed_branches": [], "missing_branches": []}}}, "src\\tools\\yaml_frontmatter_generator.py": {"executed_lines": [7, 9, 10, 11, 13, 15, 18, 21, 31, 42, 43, 45, 47, 48, 59, 60, 61, 62, 64, 66, 67, 68, 69, 70, 71, 72, 77, 79, 80, 82, 83], "summary": {"covered_lines": 31, "num_statements": 35, "percent_covered": 85.1063829787234, "percent_covered_display": "85.11", "missing_lines": 4, "excluded_lines": 0, "percent_statements_covered": 88.57142857142857, "percent_statements_covered_display": "88.57", "num_branches": 12, "num_partial_branches": 1, "covered_branches": 9, "missing_branches": 3, "percent_branches_covered": 75.0, "percent_branches_covered_display": "75.00"}, "missing_lines": [73, 74, 75, 81], "excluded_lines": [], "executed_branches": [[59, 60], [59, 62], [60, 59], [60, 61], [67, 68], [67, 69], [69, 70], [69, 71], [71, 72]], "missing_branches": [[71, 73], [73, 74], [73, 75]], "functions": {"YAMLFrontmatterGenerator.generate": {"executed_lines": [31, 42, 43], "summary": {"covered_lines": 3, "num_statements": 3, "percent_covered": 100.0, "percent_covered_display": "100.00", "missing_lines": 0, "excluded_lines": 0, "percent_statements_covered": 100.0, "percent_statements_covered_display": "100.00", "num_branches": 0, "num_partial_branches": 0, "covered_branches": 0, "missing_branches": 0, "percent_branches_covered": 100.0, "percent_branches_covered_display": "100.00"}, "missing_lines": [], "excluded_lines": [], "start_line": 21, "executed_branches": [], "missing_branches": []}, "YAMLFrontmatterGenerator.infer_layer_from_path": {"executed_lines": [47, 48, 59, 60, 61, 62], "summary": {"covered_lines": 6, "num_statements": 6, "percent_covered": 100.0, "percent_covered_display": "100.00", "missing_lines": 0, "excluded_lines": 0, "percent_statements_covered": 100.0, "percent_statements_covered_display": "100.00", "num_branches": 4, "num_partial_branches": 0, "covered_branches": 4, "missing_branches": 0, "percent_branches_covered": 100.0, "percent_branches_covered_display": "100.00"}, "missing_lines": [], "excluded_lines": [], "start_line": 45, "executed_branches": [[59, 60], [59, 62], [60, 59], [60, 61]], "missing_branches": []}, "YAMLFrontmatterGenerator.infer_component_type": {"executed_lines": [66, 67, 68, 69, 70, 71, 72], "summary": {"covered_lines": 7, "num_statements": 10, "percent_covered": 66.66666666666667, "percent_covered_display": "66.67", "missing_lines": 3, "excluded_lines": 0, "percent_statements_covered": 70.0, "percent_statements_covered_display": "70.00", "num_branches": 8, "num_partial_branches": 1, "covered_branches": 5, "missing_branches": 3, "percent_branches_covered": 62.5, "percent_branches_covered_display": "62.50"}, "missing_lines": [73, 74, 75], "excluded_lines": [], "start_line": 64, "executed_branches": [[67, 68], [67, 69], [69, 70], [69, 71], [71, 72]], "missing_branches": [[71, 73], [73, 74], [73, 75]]}, "YAMLFrontmatterGenerator.validate_yaml_syntax": {"executed_lines": [79, 80, 82, 83], "summary": {"covered_lines": 4, "num_statements": 5, "percent_covered": 80.0, "percent_covered_display": "80.00", "missing_lines": 1, "excluded_lines": 0, "percent_statements_covered": 80.0, "percent_statements_covered_display": "80.00", "num_branches": 0, "num_partial_branches": 0, "covered_branches": 0, "missing_branches": 0, "percent_branches_covered": 100.0, "percent_branches_covered_display": "100.00"}, "missing_lines": [81], "excluded_lines": [], "start_line": 77, "executed_branches": [], "missing_branches": []}, "": {"executed_lines": [7, 9, 10, 11, 13, 15, 18, 21, 45, 64, 77], "summary": {"covered_lines": 11, "num_statements": 11, "percent_covered": 100.0, "percent_covered_display": "100.00", "missing_lines": 0, "excluded_lines": 0, "percent_statements_covered": 100.0, "percent_statements_covered_display": "100.00", "num_branches": 0, "num_partial_branches": 0, "covered_branches": 0, "missing_branches": 0, "percent_branches_covered": 100.0, "percent_branches_covered_display": "100.00"}, "missing_lines": [], "excluded_lines": [], "start_line": 1, "executed_branches": [], "missing_branches": []}}, "classes": {"YAMLFrontmatterGenerator": {"executed_lines": [31, 42, 43, 47, 48, 59, 60, 61, 62, 66, 67, 68, 69, 70, 71, 72, 79, 80, 82, 83], "summary": {"covered_lines": 20, "num_statements": 24, "percent_covered": 80.55555555555556, "percent_covered_display": "80.56", "missing_lines": 4, "excluded_lines": 0, "percent_statements_covered": 83.33333333333333, "percent_statements_covered_display": "83.33", "num_branches": 12, "num_partial_branches": 1, "covered_branches": 9, "missing_branches": 3, "percent_branches_covered": 75.0, "percent_branches_covered_display": "75.00"}, "missing_lines": [73, 74, 75, 81], "excluded_lines": [], "start_line": 18, "executed_branches": [[59, 60], [59, 62], [60, 59], [60, 61], [67, 68], [67, 69], [69, 70], [69, 71], [71, 72]], "missing_branches": [[71, 73], [73, 74], [73, 75]]}, "": {"executed_lines": [7, 9, 10, 11, 13, 15, 18, 21, 45, 64, 77], "summary": {"covered_lines": 11, "num_statements": 11, "percent_covered": 100.0, "percent_covered_display": "100.00", "missing_lines": 0, "excluded_lines": 0, "percent_statements_covered": 100.0, "percent_statements_covered_display": "100.00", "num_branches": 0, "num_partial_branches": 0, "covered_branches": 0, "missing_branches": 0, "percent_branches_covered": 100.0, "percent_branches_covered_display": "100.00"}, "missing_lines": [], "excluded_lines": [], "start_line": 1, "executed_branches": [], "missing_branches": []}}}}, "totals": {"covered_lines": 2115, "num_statements": 2491, "percent_covered": 80.43410852713178, "percent_covered_display": "80.43", "missing_lines": 376, "excluded_lines": 30, "percent_statements_covered": 84.90566037735849, "percent_statements_covered_display": "84.91", "num_branches": 734, "num_partial_branches": 115, "covered_branches": 479, "missing_branches": 255, "percent_branches_covered": 65.25885558583106, "percent_branches_covered_display": "65.26"}}